Analysis & Synthesis report for Aula_4
Wed Sep 09 09:36:48 2020
Quartus Prime Version 20.1.0 Build 711 06/05/2020 SJ Lite Edition


---------------------
; Table of Contents ;
---------------------
  1. Legal Notice
  2. Analysis & Synthesis Summary
  3. Analysis & Synthesis Settings
  4. Parallel Compilation
  5. Analysis & Synthesis Source Files Read
  6. Analysis & Synthesis Resource Usage Summary
  7. Analysis & Synthesis Resource Utilization by Entity
  8. General Register Statistics
  9. Parameter Settings for User Entity Instance: Top-level Entity: |Aula_4
 10. Parameter Settings for User Entity Instance: ULA:ULA
 11. Parameter Settings for User Entity Instance: memoriaRAM:RAM
 12. Parameter Settings for User Entity Instance: muxGenerico2x1:MUX_RAM_Imediato
 13. Parameter Settings for User Entity Instance: muxGenerico2x1:MUX_proxPC
 14. Parameter Settings for User Entity Instance: somaConstante:incremento
 15. Parameter Settings for User Entity Instance: memoriaROM:ROM
 16. Parameter Settings for User Entity Instance: registradorGenerico:PC
 17. Parameter Settings for User Entity Instance: registradorGenerico:Acumulador
 18. Parameter Settings for User Entity Instance: interfaceLEDs:saidaLEDs
 19. Parameter Settings for User Entity Instance: interfaceCHAVES:entradaChaves
 20. Port Connectivity Checks: "decodificador2x4:decodificador"
 21. Port Connectivity Checks: "registradorGenerico:Acumulador"
 22. Port Connectivity Checks: "registradorGenerico:PC"
 23. Post-Synthesis Netlist Statistics for Top Partition
 24. Elapsed Time Per Partition
 25. Analysis & Synthesis Messages



----------------
; Legal Notice ;
----------------
Copyright (C) 2020  Intel Corporation. All rights reserved.
Your use of Intel Corporation's design tools, logic functions 
and other software and tools, and any partner logic 
functions, and any output files from any of the foregoing 
(including device programming or simulation files), and any 
associated documentation or information are expressly subject 
to the terms and conditions of the Intel Program License 
Subscription Agreement, the Intel Quartus Prime License Agreement,
the Intel FPGA IP License Agreement, or other applicable license
agreement, including, without limitation, that your use is for
the sole purpose of programming logic devices manufactured by
Intel and sold by Intel or its authorized distributors.  Please
refer to the applicable agreement for further details, at
https://fpgasoftware.intel.com/eula.



+-------------------------------------------------------------------------------+
; Analysis & Synthesis Summary                                                  ;
+---------------------------------+---------------------------------------------+
; Analysis & Synthesis Status     ; Successful - Wed Sep 09 09:36:48 2020       ;
; Quartus Prime Version           ; 20.1.0 Build 711 06/05/2020 SJ Lite Edition ;
; Revision Name                   ; Aula_4                                      ;
; Top-level Entity Name           ; Aula_4                                      ;
; Family                          ; Cyclone V                                   ;
; Logic utilization (in ALMs)     ; N/A                                         ;
; Total registers                 ; 24                                          ;
; Total pins                      ; 17                                          ;
; Total virtual pins              ; 0                                           ;
; Total block memory bits         ; 0                                           ;
; Total DSP Blocks                ; 0                                           ;
; Total HSSI RX PCSs              ; 0                                           ;
; Total HSSI PMA RX Deserializers ; 0                                           ;
; Total HSSI TX PCSs              ; 0                                           ;
; Total HSSI PMA TX Serializers   ; 0                                           ;
; Total PLLs                      ; 0                                           ;
; Total DLLs                      ; 0                                           ;
+---------------------------------+---------------------------------------------+


+---------------------------------------------------------------------------------------------------------------------------+
; Analysis & Synthesis Settings                                                                                             ;
+---------------------------------------------------------------------------------+--------------------+--------------------+
; Option                                                                          ; Setting            ; Default Value      ;
+---------------------------------------------------------------------------------+--------------------+--------------------+
; Device                                                                          ; 5CEBA4F23C7        ;                    ;
; Top-level entity name                                                           ; Aula_4             ; Aula_4             ;
; Family name                                                                     ; Cyclone V          ; Cyclone V          ;
; Maximum processors allowed for parallel compilation                             ; All                ;                    ;
; VHDL Show LMF Mapping Messages                                                  ; Off                ;                    ;
; VHDL Version                                                                    ; VHDL_2008          ; VHDL_1993          ;
; Use smart compilation                                                           ; Off                ; Off                ;
; Enable parallel Assembler and Timing Analyzer during compilation                ; On                 ; On                 ;
; Enable compact report table                                                     ; Off                ; Off                ;
; Restructure Multiplexers                                                        ; Auto               ; Auto               ;
; MLAB Add Timing Constraints For Mixed-Port Feed-Through Mode Setting Don't Care ; Off                ; Off                ;
; Create Debugging Nodes for IP Cores                                             ; Off                ; Off                ;
; Preserve fewer node names                                                       ; On                 ; On                 ;
; Intel FPGA IP Evaluation Mode                                                   ; Enable             ; Enable             ;
; Verilog Version                                                                 ; Verilog_2001       ; Verilog_2001       ;
; State Machine Processing                                                        ; Auto               ; Auto               ;
; Safe State Machine                                                              ; Off                ; Off                ;
; Extract Verilog State Machines                                                  ; On                 ; On                 ;
; Extract VHDL State Machines                                                     ; On                 ; On                 ;
; Ignore Verilog initial constructs                                               ; Off                ; Off                ;
; Iteration limit for constant Verilog loops                                      ; 5000               ; 5000               ;
; Iteration limit for non-constant Verilog loops                                  ; 250                ; 250                ;
; Add Pass-Through Logic to Inferred RAMs                                         ; On                 ; On                 ;
; Infer RAMs from Raw Logic                                                       ; On                 ; On                 ;
; Parallel Synthesis                                                              ; On                 ; On                 ;
; DSP Block Balancing                                                             ; Auto               ; Auto               ;
; NOT Gate Push-Back                                                              ; On                 ; On                 ;
; Power-Up Don't Care                                                             ; On                 ; On                 ;
; Remove Redundant Logic Cells                                                    ; Off                ; Off                ;
; Remove Duplicate Registers                                                      ; On                 ; On                 ;
; Ignore CARRY Buffers                                                            ; Off                ; Off                ;
; Ignore CASCADE Buffers                                                          ; Off                ; Off                ;
; Ignore GLOBAL Buffers                                                           ; Off                ; Off                ;
; Ignore ROW GLOBAL Buffers                                                       ; Off                ; Off                ;
; Ignore LCELL Buffers                                                            ; Off                ; Off                ;
; Ignore SOFT Buffers                                                             ; On                 ; On                 ;
; Limit AHDL Integers to 32 Bits                                                  ; Off                ; Off                ;
; Optimization Technique                                                          ; Balanced           ; Balanced           ;
; Carry Chain Length                                                              ; 70                 ; 70                 ;
; Auto Carry Chains                                                               ; On                 ; On                 ;
; Auto Open-Drain Pins                                                            ; On                 ; On                 ;
; Perform WYSIWYG Primitive Resynthesis                                           ; Off                ; Off                ;
; Auto ROM Replacement                                                            ; On                 ; On                 ;
; Auto RAM Replacement                                                            ; On                 ; On                 ;
; Auto DSP Block Replacement                                                      ; On                 ; On                 ;
; Auto Shift Register Replacement                                                 ; Auto               ; Auto               ;
; Allow Shift Register Merging across Hierarchies                                 ; Auto               ; Auto               ;
; Auto Clock Enable Replacement                                                   ; On                 ; On                 ;
; Strict RAM Replacement                                                          ; Off                ; Off                ;
; Allow Synchronous Control Signals                                               ; On                 ; On                 ;
; Force Use of Synchronous Clear Signals                                          ; Off                ; Off                ;
; Auto Resource Sharing                                                           ; Off                ; Off                ;
; Allow Any RAM Size For Recognition                                              ; Off                ; Off                ;
; Allow Any ROM Size For Recognition                                              ; Off                ; Off                ;
; Allow Any Shift Register Size For Recognition                                   ; Off                ; Off                ;
; Use LogicLock Constraints during Resource Balancing                             ; On                 ; On                 ;
; Ignore translate_off and synthesis_off directives                               ; Off                ; Off                ;
; Timing-Driven Synthesis                                                         ; On                 ; On                 ;
; Report Parameter Settings                                                       ; On                 ; On                 ;
; Report Source Assignments                                                       ; On                 ; On                 ;
; Report Connectivity Checks                                                      ; On                 ; On                 ;
; Ignore Maximum Fan-Out Assignments                                              ; Off                ; Off                ;
; Synchronization Register Chain Length                                           ; 3                  ; 3                  ;
; Power Optimization During Synthesis                                             ; Normal compilation ; Normal compilation ;
; HDL message level                                                               ; Level2             ; Level2             ;
; Suppress Register Optimization Related Messages                                 ; Off                ; Off                ;
; Number of Removed Registers Reported in Synthesis Report                        ; 5000               ; 5000               ;
; Number of Swept Nodes Reported in Synthesis Report                              ; 5000               ; 5000               ;
; Number of Inverted Registers Reported in Synthesis Report                       ; 100                ; 100                ;
; Clock MUX Protection                                                            ; On                 ; On                 ;
; Auto Gated Clock Conversion                                                     ; Off                ; Off                ;
; Block Design Naming                                                             ; Auto               ; Auto               ;
; SDC constraint protection                                                       ; Off                ; Off                ;
; Synthesis Effort                                                                ; Auto               ; Auto               ;
; Shift Register Replacement - Allow Asynchronous Clear Signal                    ; On                 ; On                 ;
; Pre-Mapping Resynthesis Optimization                                            ; Off                ; Off                ;
; Analysis & Synthesis Message Level                                              ; Medium             ; Medium             ;
; Disable Register Merging Across Hierarchies                                     ; Auto               ; Auto               ;
; Resource Aware Inference For Block RAM                                          ; On                 ; On                 ;
; Automatic Parallel Synthesis                                                    ; On                 ; On                 ;
; Partial Reconfiguration Bitstream ID                                            ; Off                ; Off                ;
+---------------------------------------------------------------------------------+--------------------+--------------------+


+------------------------------------------+
; Parallel Compilation                     ;
+----------------------------+-------------+
; Processors                 ; Number      ;
+----------------------------+-------------+
; Number detected on machine ; 4           ;
; Maximum allowed            ; 2           ;
;                            ;             ;
; Average used               ; 1.00        ;
; Maximum used               ; 2           ;
;                            ;             ;
; Usage by Processor         ; % Time Used ;
;     Processor 1            ; 100.0%      ;
;     Processor 2            ;   0.0%      ;
+----------------------------+-------------+


+--------------------------------------------------------------------------------------------------------------------------------------------------------------------------------+
; Analysis & Synthesis Source Files Read                                                                                                                                         ;
+----------------------------------+-----------------+-----------------+-----------------------------------------------------------------------------------------------+---------+
; File Name with User-Entered Path ; Used in Netlist ; File Type       ; File Name with Absolute Path                                                                  ; Library ;
+----------------------------------+-----------------+-----------------+-----------------------------------------------------------------------------------------------+---------+
; Aula_4.vhd                       ; yes             ; User VHDL File  ; C:/Users/mathe/OneDrive/Documentos/6Periodo/designComputadores/Aula04/Aula_4.vhd              ;         ;
; ULA.vhd                          ; yes             ; User VHDL File  ; C:/Users/mathe/OneDrive/Documentos/6Periodo/designComputadores/Aula04/ULA.vhd                 ;         ;
; somaConstante.vhd                ; yes             ; User VHDL File  ; C:/Users/mathe/OneDrive/Documentos/6Periodo/designComputadores/Aula04/somaConstante.vhd       ;         ;
; registradorGenerico.vhd          ; yes             ; User VHDL File  ; C:/Users/mathe/OneDrive/Documentos/6Periodo/designComputadores/Aula04/registradorGenerico.vhd ;         ;
; muxGenerico2x1.vhd               ; yes             ; User VHDL File  ; C:/Users/mathe/OneDrive/Documentos/6Periodo/designComputadores/Aula04/muxGenerico2x1.vhd      ;         ;
; memoriaROM.vhd                   ; yes             ; User VHDL File  ; C:/Users/mathe/OneDrive/Documentos/6Periodo/designComputadores/Aula04/memoriaROM.vhd          ;         ;
; memoriaRAM.vhd                   ; yes             ; User VHDL File  ; C:/Users/mathe/OneDrive/Documentos/6Periodo/designComputadores/Aula04/memoriaRAM.vhd          ;         ;
; interfaceLEDs.vhd                ; yes             ; User VHDL File  ; C:/Users/mathe/OneDrive/Documentos/6Periodo/designComputadores/Aula04/interfaceLEDs.vhd       ;         ;
; interfaceCHAVES.vhd              ; yes             ; User VHDL File  ; C:/Users/mathe/OneDrive/Documentos/6Periodo/designComputadores/Aula04/interfaceCHAVES.vhd     ;         ;
; decodificador2x4.vhd             ; yes             ; User VHDL File  ; C:/Users/mathe/OneDrive/Documentos/6Periodo/designComputadores/Aula04/decodificador2x4.vhd    ;         ;
+----------------------------------+-----------------+-----------------+-----------------------------------------------------------------------------------------------+---------+


+--------------------------------------------------------------+
; Analysis & Synthesis Resource Usage Summary                  ;
+---------------------------------------------+----------------+
; Resource                                    ; Usage          ;
+---------------------------------------------+----------------+
; Estimate of Logic utilization (ALMs needed) ; 13             ;
;                                             ;                ;
; Combinational ALUT usage for logic          ; 12             ;
;     -- 7 input functions                    ; 0              ;
;     -- 6 input functions                    ; 1              ;
;     -- 5 input functions                    ; 0              ;
;     -- 4 input functions                    ; 1              ;
;     -- <=3 input functions                  ; 10             ;
;                                             ;                ;
; Dedicated logic registers                   ; 24             ;
;                                             ;                ;
; I/O pins                                    ; 17             ;
;                                             ;                ;
; Total DSP Blocks                            ; 0              ;
;                                             ;                ;
; Maximum fan-out node                        ; CLOCK_50~input ;
; Maximum fan-out                             ; 24             ;
; Total fan-out                               ; 120            ;
; Average fan-out                             ; 1.71           ;
+---------------------------------------------+----------------+


+----------------------------------------------------------------------------------------------------------------------------------------------------------------------------------------------------------------------------+
; Analysis & Synthesis Resource Utilization by Entity                                                                                                                                                                        ;
+-------------------------------------+---------------------+---------------------------+-------------------+------------+------+--------------+----------------------------------------+---------------------+--------------+
; Compilation Hierarchy Node          ; Combinational ALUTs ; Dedicated Logic Registers ; Block Memory Bits ; DSP Blocks ; Pins ; Virtual Pins ; Full Hierarchy Name                    ; Entity Name         ; Library Name ;
+-------------------------------------+---------------------+---------------------------+-------------------+------------+------+--------------+----------------------------------------+---------------------+--------------+
; |Aula_4                             ; 12 (0)              ; 24 (0)                    ; 0                 ; 0          ; 17   ; 0            ; |Aula_4                                ; Aula_4              ; work         ;
;    |interfaceLEDs:saidaLEDs|        ; 0 (0)               ; 8 (8)                     ; 0                 ; 0          ; 0    ; 0            ; |Aula_4|interfaceLEDs:saidaLEDs        ; interfaceLEDs       ; work         ;
;    |memoriaROM:ROM|                 ; 3 (3)               ; 0 (0)                     ; 0                 ; 0          ; 0    ; 0            ; |Aula_4|memoriaROM:ROM                 ; memoriaROM          ; work         ;
;    |muxGenerico2x1:MUX_proxPC|      ; 1 (1)               ; 0 (0)                     ; 0                 ; 0          ; 0    ; 0            ; |Aula_4|muxGenerico2x1:MUX_proxPC      ; muxGenerico2x1      ; work         ;
;    |registradorGenerico:Acumulador| ; 0 (0)               ; 8 (8)                     ; 0                 ; 0          ; 0    ; 0            ; |Aula_4|registradorGenerico:Acumulador ; registradorGenerico ; work         ;
;    |registradorGenerico:PC|         ; 0 (0)               ; 8 (8)                     ; 0                 ; 0          ; 0    ; 0            ; |Aula_4|registradorGenerico:PC         ; registradorGenerico ; work         ;
;    |somaConstante:incremento|       ; 8 (8)               ; 0 (0)                     ; 0                 ; 0          ; 0    ; 0            ; |Aula_4|somaConstante:incremento       ; somaConstante       ; work         ;
+-------------------------------------+---------------------+---------------------------+-------------------+------------+------+--------------+----------------------------------------+---------------------+--------------+
Note: For table entries with two numbers listed, the numbers in parentheses indicate the number of resources of the given type used by the specific entity alone. The numbers listed outside of parentheses indicate the total resources of the given type used by the specific entity and all of its sub-entities in the hierarchy.


+------------------------------------------------------+
; General Register Statistics                          ;
+----------------------------------------------+-------+
; Statistic                                    ; Value ;
+----------------------------------------------+-------+
; Total registers                              ; 24    ;
; Number of registers using Synchronous Clear  ; 0     ;
; Number of registers using Synchronous Load   ; 0     ;
; Number of registers using Asynchronous Clear ; 0     ;
; Number of registers using Asynchronous Load  ; 0     ;
; Number of registers using Clock Enable       ; 16    ;
; Number of registers using Preset             ; 0     ;
+----------------------------------------------+-------+


+------------------------------------------------------------------------+
; Parameter Settings for User Entity Instance: Top-level Entity: |Aula_4 ;
+----------------+-------+-----------------------------------------------+
; Parameter Name ; Value ; Type                                          ;
+----------------+-------+-----------------------------------------------+
; dataWidth      ; 8     ; Signed Integer                                ;
; addrWidth      ; 8     ; Signed Integer                                ;
; dataROMWidth   ; 15    ; Signed Integer                                ;
+----------------+-------+-----------------------------------------------+
Note: In order to hide this table in the UI and the text report file, please set the "Show Parameter Settings in Synthesis Report" option in "Analysis and Synthesis Settings -> More Settings" to "Off".


+------------------------------------------------------+
; Parameter Settings for User Entity Instance: ULA:ULA ;
+----------------+-------+-----------------------------+
; Parameter Name ; Value ; Type                        ;
+----------------+-------+-----------------------------+
; larguradados   ; 8     ; Signed Integer              ;
+----------------+-------+-----------------------------+
Note: In order to hide this table in the UI and the text report file, please set the "Show Parameter Settings in Synthesis Report" option in "Analysis and Synthesis Settings -> More Settings" to "Off".


+-------------------------------------------------------------+
; Parameter Settings for User Entity Instance: memoriaRAM:RAM ;
+----------------+-------+------------------------------------+
; Parameter Name ; Value ; Type                               ;
+----------------+-------+------------------------------------+
; datawidth      ; 8     ; Signed Integer                     ;
; addrwidth      ; 8     ; Signed Integer                     ;
+----------------+-------+------------------------------------+
Note: In order to hide this table in the UI and the text report file, please set the "Show Parameter Settings in Synthesis Report" option in "Analysis and Synthesis Settings -> More Settings" to "Off".


+------------------------------------------------------------------------------+
; Parameter Settings for User Entity Instance: muxGenerico2x1:MUX_RAM_Imediato ;
+----------------+-------+-----------------------------------------------------+
; Parameter Name ; Value ; Type                                                ;
+----------------+-------+-----------------------------------------------------+
; larguradados   ; 8     ; Signed Integer                                      ;
+----------------+-------+-----------------------------------------------------+
Note: In order to hide this table in the UI and the text report file, please set the "Show Parameter Settings in Synthesis Report" option in "Analysis and Synthesis Settings -> More Settings" to "Off".


+------------------------------------------------------------------------+
; Parameter Settings for User Entity Instance: muxGenerico2x1:MUX_proxPC ;
+----------------+-------+-----------------------------------------------+
; Parameter Name ; Value ; Type                                          ;
+----------------+-------+-----------------------------------------------+
; larguradados   ; 8     ; Signed Integer                                ;
+----------------+-------+-----------------------------------------------+
Note: In order to hide this table in the UI and the text report file, please set the "Show Parameter Settings in Synthesis Report" option in "Analysis and Synthesis Settings -> More Settings" to "Off".


+-----------------------------------------------------------------------+
; Parameter Settings for User Entity Instance: somaConstante:incremento ;
+----------------+-------+----------------------------------------------+
; Parameter Name ; Value ; Type                                         ;
+----------------+-------+----------------------------------------------+
; larguradados   ; 8     ; Signed Integer                               ;
; constante      ; 1     ; Signed Integer                               ;
+----------------+-------+----------------------------------------------+
Note: In order to hide this table in the UI and the text report file, please set the "Show Parameter Settings in Synthesis Report" option in "Analysis and Synthesis Settings -> More Settings" to "Off".


+-------------------------------------------------------------+
; Parameter Settings for User Entity Instance: memoriaROM:ROM ;
+----------------+-------+------------------------------------+
; Parameter Name ; Value ; Type                               ;
+----------------+-------+------------------------------------+
; datawidth      ; 15    ; Signed Integer                     ;
; addrwidth      ; 8     ; Signed Integer                     ;
; opcode_width   ; 7     ; Signed Integer                     ;
+----------------+-------+------------------------------------+
Note: In order to hide this table in the UI and the text report file, please set the "Show Parameter Settings in Synthesis Report" option in "Analysis and Synthesis Settings -> More Settings" to "Off".


+---------------------------------------------------------------------+
; Parameter Settings for User Entity Instance: registradorGenerico:PC ;
+----------------+-------+--------------------------------------------+
; Parameter Name ; Value ; Type                                       ;
+----------------+-------+--------------------------------------------+
; larguradados   ; 8     ; Signed Integer                             ;
+----------------+-------+--------------------------------------------+
Note: In order to hide this table in the UI and the text report file, please set the "Show Parameter Settings in Synthesis Report" option in "Analysis and Synthesis Settings -> More Settings" to "Off".


+-----------------------------------------------------------------------------+
; Parameter Settings for User Entity Instance: registradorGenerico:Acumulador ;
+----------------+-------+----------------------------------------------------+
; Parameter Name ; Value ; Type                                               ;
+----------------+-------+----------------------------------------------------+
; larguradados   ; 8     ; Signed Integer                                     ;
+----------------+-------+----------------------------------------------------+
Note: In order to hide this table in the UI and the text report file, please set the "Show Parameter Settings in Synthesis Report" option in "Analysis and Synthesis Settings -> More Settings" to "Off".


+----------------------------------------------------------------------+
; Parameter Settings for User Entity Instance: interfaceLEDs:saidaLEDs ;
+----------------+-------+---------------------------------------------+
; Parameter Name ; Value ; Type                                        ;
+----------------+-------+---------------------------------------------+
; datawidth      ; 8     ; Signed Integer                              ;
+----------------+-------+---------------------------------------------+
Note: In order to hide this table in the UI and the text report file, please set the "Show Parameter Settings in Synthesis Report" option in "Analysis and Synthesis Settings -> More Settings" to "Off".


+----------------------------------------------------------------------------+
; Parameter Settings for User Entity Instance: interfaceCHAVES:entradaChaves ;
+----------------+-------+---------------------------------------------------+
; Parameter Name ; Value ; Type                                              ;
+----------------+-------+---------------------------------------------------+
; datawidth      ; 8     ; Signed Integer                                    ;
+----------------+-------+---------------------------------------------------+
Note: In order to hide this table in the UI and the text report file, please set the "Show Parameter Settings in Synthesis Report" option in "Analysis and Synthesis Settings -> More Settings" to "Off".


+-----------------------------------------------------------------------------------------------------------------------+
; Port Connectivity Checks: "decodificador2x4:decodificador"                                                            ;
+-------------+--------+----------+-------------------------------------------------------------------------------------+
; Port        ; Type   ; Severity ; Details                                                                             ;
+-------------+--------+----------+-------------------------------------------------------------------------------------+
; habilita[0] ; Output ; Info     ; Connected to dangling logic. Logic that only feeds a dangling port will be removed. ;
+-------------+--------+----------+-------------------------------------------------------------------------------------+


+------------------------------------------------------------+
; Port Connectivity Checks: "registradorGenerico:Acumulador" ;
+------+-------+----------+----------------------------------+
; Port ; Type  ; Severity ; Details                          ;
+------+-------+----------+----------------------------------+
; rst  ; Input ; Info     ; Stuck at GND                     ;
+------+-------+----------+----------------------------------+


+----------------------------------------------------+
; Port Connectivity Checks: "registradorGenerico:PC" ;
+--------+-------+----------+------------------------+
; Port   ; Type  ; Severity ; Details                ;
+--------+-------+----------+------------------------+
; enable ; Input ; Info     ; Stuck at VCC           ;
; rst    ; Input ; Info     ; Stuck at GND           ;
+--------+-------+----------+------------------------+


+-----------------------------------------------------+
; Post-Synthesis Netlist Statistics for Top Partition ;
+-----------------------+-----------------------------+
; Type                  ; Count                       ;
+-----------------------+-----------------------------+
; arriav_ff             ; 24                          ;
;     ENA               ; 16                          ;
;     plain             ; 8                           ;
; arriav_lcell_comb     ; 12                          ;
;     arith             ; 8                           ;
;         1 data inputs ; 8                           ;
;     normal            ; 4                           ;
;         3 data inputs ; 2                           ;
;         4 data inputs ; 1                           ;
;         6 data inputs ; 1                           ;
; boundary_port         ; 17                          ;
;                       ;                             ;
; Max LUT depth         ; 2.20                        ;
; Average LUT depth     ; 0.95                        ;
+-----------------------+-----------------------------+


+-------------------------------+
; Elapsed Time Per Partition    ;
+----------------+--------------+
; Partition Name ; Elapsed Time ;
+----------------+--------------+
; Top            ; 00:00:00     ;
+----------------+--------------+


+-------------------------------+
; Analysis & Synthesis Messages ;
+-------------------------------+
Info: *******************************************************************
Info: Running Quartus Prime Analysis & Synthesis
    Info: Version 20.1.0 Build 711 06/05/2020 SJ Lite Edition
    Info: Processing started: Wed Sep 09 09:36:34 2020
Info: Command: quartus_map --read_settings_files=on --write_settings_files=off Aula_4 -c Aula_4
Info (20030): Parallel compilation is enabled and will use 2 of the 2 processors detected
Info (12021): Found 2 design units, including 1 entities, in source file aula_4.vhd
    Info (12022): Found design unit 1: Aula_4-RTL File: C:/Users/mathe/OneDrive/Documentos/6Periodo/designComputadores/Aula04/Aula_4.vhd Line: 24
    Info (12023): Found entity 1: Aula_4 File: C:/Users/mathe/OneDrive/Documentos/6Periodo/designComputadores/Aula04/Aula_4.vhd Line: 4
Info (12021): Found 2 design units, including 1 entities, in source file ula.vhd
    Info (12022): Found design unit 1: ULA-comportamento File: C:/Users/mathe/OneDrive/Documentos/6Periodo/designComputadores/Aula04/ULA.vhd Line: 18
    Info (12023): Found entity 1: ULA File: C:/Users/mathe/OneDrive/Documentos/6Periodo/designComputadores/Aula04/ULA.vhd Line: 5
Info (12021): Found 2 design units, including 1 entities, in source file somaconstante.vhd
    Info (12022): Found design unit 1: somaConstante-comportamento File: C:/Users/mathe/OneDrive/Documentos/6Periodo/designComputadores/Aula04/somaConstante.vhd Line: 18
    Info (12023): Found entity 1: somaConstante File: C:/Users/mathe/OneDrive/Documentos/6Periodo/designComputadores/Aula04/somaConstante.vhd Line: 5
Info (12021): Found 2 design units, including 1 entities, in source file registradorgenerico.vhd
    Info (12022): Found design unit 1: registradorGenerico-comportamento File: C:/Users/mathe/OneDrive/Documentos/6Periodo/designComputadores/Aula04/registradorGenerico.vhd Line: 15
    Info (12023): Found entity 1: registradorGenerico File: C:/Users/mathe/OneDrive/Documentos/6Periodo/designComputadores/Aula04/registradorGenerico.vhd Line: 4
Info (12021): Found 2 design units, including 1 entities, in source file muxgenerico2x1.vhd
    Info (12022): Found design unit 1: muxGenerico2x1-comportamento File: C:/Users/mathe/OneDrive/Documentos/6Periodo/designComputadores/Aula04/muxGenerico2x1.vhd Line: 14
    Info (12023): Found entity 1: muxGenerico2x1 File: C:/Users/mathe/OneDrive/Documentos/6Periodo/designComputadores/Aula04/muxGenerico2x1.vhd Line: 4
Info (12021): Found 2 design units, including 1 entities, in source file memoriarom.vhd
    Info (12022): Found design unit 1: memoriaROM-assincrona File: C:/Users/mathe/OneDrive/Documentos/6Periodo/designComputadores/Aula04/memoriaROM.vhd Line: 17
    Info (12023): Found entity 1: memoriaROM File: C:/Users/mathe/OneDrive/Documentos/6Periodo/designComputadores/Aula04/memoriaROM.vhd Line: 5
Info (12021): Found 2 design units, including 1 entities, in source file memoriaram.vhd
    Info (12022): Found design unit 1: memoriaRAM-rtl File: C:/Users/mathe/OneDrive/Documentos/6Periodo/designComputadores/Aula04/memoriaRAM.vhd Line: 22
    Info (12023): Found entity 1: memoriaRAM File: C:/Users/mathe/OneDrive/Documentos/6Periodo/designComputadores/Aula04/memoriaRAM.vhd Line: 5
Info (12021): Found 2 design units, including 1 entities, in source file interfaceleds.vhd
    Info (12022): Found design unit 1: interfaceLEDs-comportamento File: C:/Users/mathe/OneDrive/Documentos/6Periodo/designComputadores/Aula04/interfaceLEDs.vhd Line: 16
    Info (12023): Found entity 1: interfaceLEDs File: C:/Users/mathe/OneDrive/Documentos/6Periodo/designComputadores/Aula04/interfaceLEDs.vhd Line: 4
Info (12021): Found 2 design units, including 1 entities, in source file interfacechaves.vhd
    Info (12022): Found design unit 1: interfaceCHAVES-comportamento File: C:/Users/mathe/OneDrive/Documentos/6Periodo/designComputadores/Aula04/interfaceCHAVES.vhd Line: 15
    Info (12023): Found entity 1: interfaceCHAVES File: C:/Users/mathe/OneDrive/Documentos/6Periodo/designComputadores/Aula04/interfaceCHAVES.vhd Line: 4
Info (12021): Found 2 design units, including 1 entities, in source file decodificador2x4.vhd
    Info (12022): Found design unit 1: decodificador2x4-comportamento File: C:/Users/mathe/OneDrive/Documentos/6Periodo/designComputadores/Aula04/decodificador2x4.vhd Line: 11
    Info (12023): Found entity 1: decodificador2x4 File: C:/Users/mathe/OneDrive/Documentos/6Periodo/designComputadores/Aula04/decodificador2x4.vhd Line: 4
Info (12021): Found 2 design units, including 1 entities, in source file conversorhex7seg.vhd
    Info (12022): Found design unit 1: conversorHex7Seg-comportamento File: C:/Users/mathe/OneDrive/Documentos/6Periodo/designComputadores/Aula04/conversorHex7Seg.vhd Line: 17
    Info (12023): Found entity 1: conversorHex7Seg File: C:/Users/mathe/OneDrive/Documentos/6Periodo/designComputadores/Aula04/conversorHex7Seg.vhd Line: 4
Info (12127): Elaborating entity "Aula_4" for the top level hierarchy
Info (12128): Elaborating entity "ULA" for hierarchy "ULA:ULA" File: C:/Users/mathe/OneDrive/Documentos/6Periodo/designComputadores/Aula04/Aula_4.vhd Line: 45
Info (12128): Elaborating entity "memoriaRAM" for hierarchy "memoriaRAM:RAM" File: C:/Users/mathe/OneDrive/Documentos/6Periodo/designComputadores/Aula04/Aula_4.vhd Line: 50
Info (12128): Elaborating entity "muxGenerico2x1" for hierarchy "muxGenerico2x1:MUX_RAM_Imediato" File: C:/Users/mathe/OneDrive/Documentos/6Periodo/designComputadores/Aula04/Aula_4.vhd Line: 54
Info (12128): Elaborating entity "somaConstante" for hierarchy "somaConstante:incremento" File: C:/Users/mathe/OneDrive/Documentos/6Periodo/designComputadores/Aula04/Aula_4.vhd Line: 60
Info (12128): Elaborating entity "memoriaROM" for hierarchy "memoriaROM:ROM" File: C:/Users/mathe/OneDrive/Documentos/6Periodo/designComputadores/Aula04/Aula_4.vhd Line: 63
Info (12128): Elaborating entity "registradorGenerico" for hierarchy "registradorGenerico:PC" File: C:/Users/mathe/OneDrive/Documentos/6Periodo/designComputadores/Aula04/Aula_4.vhd Line: 66
Info (12128): Elaborating entity "decodificador2x4" for hierarchy "decodificador2x4:decodificador" File: C:/Users/mathe/OneDrive/Documentos/6Periodo/designComputadores/Aula04/Aula_4.vhd Line: 72
Info (12128): Elaborating entity "interfaceLEDs" for hierarchy "interfaceLEDs:saidaLEDs" File: C:/Users/mathe/OneDrive/Documentos/6Periodo/designComputadores/Aula04/Aula_4.vhd Line: 75
Info (12128): Elaborating entity "interfaceCHAVES" for hierarchy "interfaceCHAVES:entradaChaves" File: C:/Users/mathe/OneDrive/Documentos/6Periodo/designComputadores/Aula04/Aula_4.vhd Line: 78
Info (276014): Found 1 instances of uninferred RAM logic
    Info (276007): RAM logic "memoriaRAM:RAM|ram" is uninferred due to asynchronous read logic File: C:/Users/mathe/OneDrive/Documentos/6Periodo/designComputadores/Aula04/memoriaRAM.vhd Line: 28
Warning (13046): Tri-state node(s) do not directly drive top-level pin(s)
    Warning (13048): Converted tri-state node "barramentoLeituraDados[7]" into a selector File: C:/Users/mathe/OneDrive/Documentos/6Periodo/designComputadores/Aula04/muxGenerico2x1.vhd Line: 10
    Warning (13048): Converted tri-state node "barramentoLeituraDados[6]" into a selector File: C:/Users/mathe/OneDrive/Documentos/6Periodo/designComputadores/Aula04/muxGenerico2x1.vhd Line: 10
    Warning (13048): Converted tri-state node "barramentoLeituraDados[5]" into a selector File: C:/Users/mathe/OneDrive/Documentos/6Periodo/designComputadores/Aula04/muxGenerico2x1.vhd Line: 10
    Warning (13048): Converted tri-state node "barramentoLeituraDados[4]" into a selector File: C:/Users/mathe/OneDrive/Documentos/6Periodo/designComputadores/Aula04/muxGenerico2x1.vhd Line: 10
    Warning (13048): Converted tri-state node "barramentoLeituraDados[3]" into a selector File: C:/Users/mathe/OneDrive/Documentos/6Periodo/designComputadores/Aula04/muxGenerico2x1.vhd Line: 10
    Warning (13048): Converted tri-state node "barramentoLeituraDados[2]" into a selector File: C:/Users/mathe/OneDrive/Documentos/6Periodo/designComputadores/Aula04/muxGenerico2x1.vhd Line: 10
    Warning (13048): Converted tri-state node "barramentoLeituraDados[1]" into a selector File: C:/Users/mathe/OneDrive/Documentos/6Periodo/designComputadores/Aula04/muxGenerico2x1.vhd Line: 10
    Warning (13048): Converted tri-state node "barramentoLeituraDados[0]" into a selector File: C:/Users/mathe/OneDrive/Documentos/6Periodo/designComputadores/Aula04/muxGenerico2x1.vhd Line: 10
Info (286030): Timing-Driven Synthesis is running
Info (16010): Generating hard_block partition "hard_block:auto_generated_inst"
    Info (16011): Adding 0 node(s), including 0 DDIO, 0 PLL, 0 transceiver and 0 LCELL
Info (21057): Implemented 45 device resources after synthesis - the final resource count might be different
    Info (21058): Implemented 9 input pins
    Info (21059): Implemented 8 output pins
    Info (21061): Implemented 28 logic cells
Info: Quartus Prime Analysis & Synthesis was successful. 0 errors, 9 warnings
    Info: Peak virtual memory: 4842 megabytes
    Info: Processing ended: Wed Sep 09 09:36:49 2020
    Info: Elapsed time: 00:00:15
    Info: Total CPU time (on all processors): 00:00:29


