Analysis & Synthesis report for Aula03
Sat Sep 26 14:03:26 2020
Quartus Prime Version 20.1.0 Build 711 06/05/2020 SJ Lite Edition


---------------------
; Table of Contents ;
---------------------
  1. Legal Notice
  2. Analysis & Synthesis Summary
  3. Analysis & Synthesis Settings
  4. Parallel Compilation
  5. Analysis & Synthesis Source Files Read
  6. Analysis & Synthesis Resource Usage Summary
  7. Analysis & Synthesis Resource Utilization by Entity
  8. Registers Removed During Synthesis
  9. General Register Statistics
 10. Parameter Settings for User Entity Instance: Top-level Entity: |Aula03
 11. Parameter Settings for User Entity Instance: muxGenerico2:muxIN_A
 12. Parameter Settings for User Entity Instance: unsigned_adder_subtractor:ULA
 13. Parameter Settings for User Entity Instance: registradorGenerico:regA
 14. Parameter Settings for User Entity Instance: registradorGenerico:regB
 15. Parameter Settings for User Entity Instance: MEF:maqEstados
 16. Parameter Settings for User Entity Instance: MEF:maqEstados|memoria:memoria1
 17. Parameter Settings for User Entity Instance: MEF:maqEstados|registradorGenerico:regA
 18. Port Connectivity Checks: "MEF:maqEstados|registradorGenerico:regA"
 19. Port Connectivity Checks: "MEF:maqEstados|memoria:memoria1"
 20. Post-Synthesis Netlist Statistics for Top Partition
 21. Elapsed Time Per Partition
 22. Analysis & Synthesis Messages



----------------
; Legal Notice ;
----------------
Copyright (C) 2020  Intel Corporation. All rights reserved.
Your use of Intel Corporation's design tools, logic functions 
and other software and tools, and any partner logic 
functions, and any output files from any of the foregoing 
(including device programming or simulation files), and any 
associated documentation or information are expressly subject 
to the terms and conditions of the Intel Program License 
Subscription Agreement, the Intel Quartus Prime License Agreement,
the Intel FPGA IP License Agreement, or other applicable license
agreement, including, without limitation, that your use is for
the sole purpose of programming logic devices manufactured by
Intel and sold by Intel or its authorized distributors.  Please
refer to the applicable agreement for further details, at
https://fpgasoftware.intel.com/eula.



+-------------------------------------------------------------------------------+
; Analysis & Synthesis Summary                                                  ;
+---------------------------------+---------------------------------------------+
; Analysis & Synthesis Status     ; Successful - Sat Sep 26 14:03:26 2020       ;
; Quartus Prime Version           ; 20.1.0 Build 711 06/05/2020 SJ Lite Edition ;
; Revision Name                   ; Aula03                                      ;
; Top-level Entity Name           ; Aula03                                      ;
; Family                          ; Cyclone V                                   ;
; Logic utilization (in ALMs)     ; N/A                                         ;
; Total registers                 ; 16                                          ;
; Total pins                      ; 12                                          ;
; Total virtual pins              ; 0                                           ;
; Total block memory bits         ; 0                                           ;
; Total DSP Blocks                ; 0                                           ;
; Total HSSI RX PCSs              ; 0                                           ;
; Total HSSI PMA RX Deserializers ; 0                                           ;
; Total HSSI TX PCSs              ; 0                                           ;
; Total HSSI PMA TX Serializers   ; 0                                           ;
; Total PLLs                      ; 0                                           ;
; Total DLLs                      ; 0                                           ;
+---------------------------------+---------------------------------------------+


+---------------------------------------------------------------------------------------------------------------------------+
; Analysis & Synthesis Settings                                                                                             ;
+---------------------------------------------------------------------------------+--------------------+--------------------+
; Option                                                                          ; Setting            ; Default Value      ;
+---------------------------------------------------------------------------------+--------------------+--------------------+
; Device                                                                          ; 5CEBA4F23C7        ;                    ;
; Top-level entity name                                                           ; Aula03             ; Aula03             ;
; Family name                                                                     ; Cyclone V          ; Cyclone V          ;
; Maximum processors allowed for parallel compilation                             ; All                ;                    ;
; VHDL Show LMF Mapping Messages                                                  ; Off                ;                    ;
; VHDL Version                                                                    ; VHDL_2008          ; VHDL_1993          ;
; Optimization Technique                                                          ; Speed              ; Balanced           ;
; Use smart compilation                                                           ; Off                ; Off                ;
; Enable parallel Assembler and Timing Analyzer during compilation                ; On                 ; On                 ;
; Enable compact report table                                                     ; Off                ; Off                ;
; Restructure Multiplexers                                                        ; Auto               ; Auto               ;
; MLAB Add Timing Constraints For Mixed-Port Feed-Through Mode Setting Don't Care ; Off                ; Off                ;
; Create Debugging Nodes for IP Cores                                             ; Off                ; Off                ;
; Preserve fewer node names                                                       ; On                 ; On                 ;
; Intel FPGA IP Evaluation Mode                                                   ; Enable             ; Enable             ;
; Verilog Version                                                                 ; Verilog_2001       ; Verilog_2001       ;
; State Machine Processing                                                        ; Auto               ; Auto               ;
; Safe State Machine                                                              ; Off                ; Off                ;
; Extract Verilog State Machines                                                  ; On                 ; On                 ;
; Extract VHDL State Machines                                                     ; On                 ; On                 ;
; Ignore Verilog initial constructs                                               ; Off                ; Off                ;
; Iteration limit for constant Verilog loops                                      ; 5000               ; 5000               ;
; Iteration limit for non-constant Verilog loops                                  ; 250                ; 250                ;
; Add Pass-Through Logic to Inferred RAMs                                         ; On                 ; On                 ;
; Infer RAMs from Raw Logic                                                       ; On                 ; On                 ;
; Parallel Synthesis                                                              ; On                 ; On                 ;
; DSP Block Balancing                                                             ; Auto               ; Auto               ;
; NOT Gate Push-Back                                                              ; On                 ; On                 ;
; Power-Up Don't Care                                                             ; On                 ; On                 ;
; Remove Redundant Logic Cells                                                    ; Off                ; Off                ;
; Remove Duplicate Registers                                                      ; On                 ; On                 ;
; Ignore CARRY Buffers                                                            ; Off                ; Off                ;
; Ignore CASCADE Buffers                                                          ; Off                ; Off                ;
; Ignore GLOBAL Buffers                                                           ; Off                ; Off                ;
; Ignore ROW GLOBAL Buffers                                                       ; Off                ; Off                ;
; Ignore LCELL Buffers                                                            ; Off                ; Off                ;
; Ignore SOFT Buffers                                                             ; On                 ; On                 ;
; Limit AHDL Integers to 32 Bits                                                  ; Off                ; Off                ;
; Carry Chain Length                                                              ; 70                 ; 70                 ;
; Auto Carry Chains                                                               ; On                 ; On                 ;
; Auto Open-Drain Pins                                                            ; On                 ; On                 ;
; Perform WYSIWYG Primitive Resynthesis                                           ; Off                ; Off                ;
; Auto ROM Replacement                                                            ; On                 ; On                 ;
; Auto RAM Replacement                                                            ; On                 ; On                 ;
; Auto DSP Block Replacement                                                      ; On                 ; On                 ;
; Auto Shift Register Replacement                                                 ; Auto               ; Auto               ;
; Allow Shift Register Merging across Hierarchies                                 ; Auto               ; Auto               ;
; Auto Clock Enable Replacement                                                   ; On                 ; On                 ;
; Strict RAM Replacement                                                          ; Off                ; Off                ;
; Allow Synchronous Control Signals                                               ; On                 ; On                 ;
; Force Use of Synchronous Clear Signals                                          ; Off                ; Off                ;
; Auto Resource Sharing                                                           ; Off                ; Off                ;
; Allow Any RAM Size For Recognition                                              ; Off                ; Off                ;
; Allow Any ROM Size For Recognition                                              ; Off                ; Off                ;
; Allow Any Shift Register Size For Recognition                                   ; Off                ; Off                ;
; Use LogicLock Constraints during Resource Balancing                             ; On                 ; On                 ;
; Ignore translate_off and synthesis_off directives                               ; Off                ; Off                ;
; Timing-Driven Synthesis                                                         ; On                 ; On                 ;
; Report Parameter Settings                                                       ; On                 ; On                 ;
; Report Source Assignments                                                       ; On                 ; On                 ;
; Report Connectivity Checks                                                      ; On                 ; On                 ;
; Ignore Maximum Fan-Out Assignments                                              ; Off                ; Off                ;
; Synchronization Register Chain Length                                           ; 3                  ; 3                  ;
; Power Optimization During Synthesis                                             ; Normal compilation ; Normal compilation ;
; HDL message level                                                               ; Level2             ; Level2             ;
; Suppress Register Optimization Related Messages                                 ; Off                ; Off                ;
; Number of Removed Registers Reported in Synthesis Report                        ; 5000               ; 5000               ;
; Number of Swept Nodes Reported in Synthesis Report                              ; 5000               ; 5000               ;
; Number of Inverted Registers Reported in Synthesis Report                       ; 100                ; 100                ;
; Clock MUX Protection                                                            ; On                 ; On                 ;
; Auto Gated Clock Conversion                                                     ; Off                ; Off                ;
; Block Design Naming                                                             ; Auto               ; Auto               ;
; SDC constraint protection                                                       ; Off                ; Off                ;
; Synthesis Effort                                                                ; Auto               ; Auto               ;
; Shift Register Replacement - Allow Asynchronous Clear Signal                    ; On                 ; On                 ;
; Pre-Mapping Resynthesis Optimization                                            ; Off                ; Off                ;
; Analysis & Synthesis Message Level                                              ; Medium             ; Medium             ;
; Disable Register Merging Across Hierarchies                                     ; Auto               ; Auto               ;
; Resource Aware Inference For Block RAM                                          ; On                 ; On                 ;
; Automatic Parallel Synthesis                                                    ; On                 ; On                 ;
; Partial Reconfiguration Bitstream ID                                            ; Off                ; Off                ;
+---------------------------------------------------------------------------------+--------------------+--------------------+


+------------------------------------------+
; Parallel Compilation                     ;
+----------------------------+-------------+
; Processors                 ; Number      ;
+----------------------------+-------------+
; Number detected on machine ; 4           ;
; Maximum allowed            ; 2           ;
;                            ;             ;
; Average used               ; 1.00        ;
; Maximum used               ; 2           ;
;                            ;             ;
; Usage by Processor         ; % Time Used ;
;     Processor 1            ; 100.0%      ;
;     Processor 2            ;   0.0%      ;
+----------------------------+-------------+


+--------------------------------------------------------------------------------------------------------------------------------------------------------------------------------------+
; Analysis & Synthesis Source Files Read                                                                                                                                               ;
+----------------------------------+-----------------+-----------------+-----------------------------------------------------------------------------------------------------+---------+
; File Name with User-Entered Path ; Used in Netlist ; File Type       ; File Name with Absolute Path                                                                        ; Library ;
+----------------------------------+-----------------+-----------------+-----------------------------------------------------------------------------------------------------+---------+
; Aula03.vhd                       ; yes             ; User VHDL File  ; C:/Users/mathe/OneDrive/Documentos/6Periodo/designComputadores/Aula03/Aula03.vhd                    ;         ;
; unsigned_adder_subtractor.vhd    ; yes             ; User VHDL File  ; C:/Users/mathe/OneDrive/Documentos/6Periodo/designComputadores/Aula03/unsigned_adder_subtractor.vhd ;         ;
; registradorGenerico.vhd          ; yes             ; User VHDL File  ; C:/Users/mathe/OneDrive/Documentos/6Periodo/designComputadores/Aula03/registradorGenerico.vhd       ;         ;
; muxGenerico2.vhd                 ; yes             ; User VHDL File  ; C:/Users/mathe/OneDrive/Documentos/6Periodo/designComputadores/Aula03/muxGenerico2.vhd              ;         ;
; edgeDetector.vhd                 ; yes             ; User VHDL File  ; C:/Users/mathe/OneDrive/Documentos/6Periodo/designComputadores/Aula03/edgeDetector.vhd              ;         ;
; memoria.vhd                      ; yes             ; User VHDL File  ; C:/Users/mathe/OneDrive/Documentos/6Periodo/designComputadores/Aula03/memoria.vhd                   ;         ;
; MEF.vhd                          ; yes             ; User VHDL File  ; C:/Users/mathe/OneDrive/Documentos/6Periodo/designComputadores/Aula03/MEF.vhd                       ;         ;
+----------------------------------+-----------------+-----------------+-----------------------------------------------------------------------------------------------------+---------+


+------------------------------------------------------------------------------+
; Analysis & Synthesis Resource Usage Summary                                  ;
+---------------------------------------------+--------------------------------+
; Resource                                    ; Usage                          ;
+---------------------------------------------+--------------------------------+
; Estimate of Logic utilization (ALMs needed) ; 11                             ;
;                                             ;                                ;
; Combinational ALUT usage for logic          ; 22                             ;
;     -- 7 input functions                    ; 0                              ;
;     -- 6 input functions                    ; 0                              ;
;     -- 5 input functions                    ; 0                              ;
;     -- 4 input functions                    ; 6                              ;
;     -- <=3 input functions                  ; 16                             ;
;                                             ;                                ;
; Dedicated logic registers                   ; 16                             ;
;                                             ;                                ;
; I/O pins                                    ; 12                             ;
;                                             ;                                ;
; Total DSP Blocks                            ; 0                              ;
;                                             ;                                ;
; Maximum fan-out node                        ; edgeDetector:detectorCLK|saida ;
; Maximum fan-out                             ; 15                             ;
; Total fan-out                               ; 146                            ;
; Average fan-out                             ; 2.35                           ;
+---------------------------------------------+--------------------------------+


+------------------------------------------------------------------------------------------------------------------------------------------------------------------------------------------------------------------------------------------+
; Analysis & Synthesis Resource Utilization by Entity                                                                                                                                                                                      ;
+------------------------------------+---------------------+---------------------------+-------------------+------------+------+--------------+-------------------------------------------------+---------------------------+--------------+
; Compilation Hierarchy Node         ; Combinational ALUTs ; Dedicated Logic Registers ; Block Memory Bits ; DSP Blocks ; Pins ; Virtual Pins ; Full Hierarchy Name                             ; Entity Name               ; Library Name ;
+------------------------------------+---------------------+---------------------------+-------------------+------------+------+--------------+-------------------------------------------------+---------------------------+--------------+
; |Aula03                            ; 22 (1)              ; 16 (0)                    ; 0                 ; 0          ; 12   ; 0            ; |Aula03                                         ; Aula03                    ; work         ;
;    |MEF:maqEstados|                ; 10 (0)              ; 4 (0)                     ; 0                 ; 0          ; 0    ; 0            ; |Aula03|MEF:maqEstados                          ; MEF                       ; work         ;
;       |memoria:memoria1|           ; 10 (10)             ; 0 (0)                     ; 0                 ; 0          ; 0    ; 0            ; |Aula03|MEF:maqEstados|memoria:memoria1         ; memoria                   ; work         ;
;       |registradorGenerico:regA|   ; 0 (0)               ; 4 (4)                     ; 0                 ; 0          ; 0    ; 0            ; |Aula03|MEF:maqEstados|registradorGenerico:regA ; registradorGenerico       ; work         ;
;    |edgeDetector:detectorCLK|      ; 2 (2)               ; 1 (1)                     ; 0                 ; 0          ; 0    ; 0            ; |Aula03|edgeDetector:detectorCLK                ; edgeDetector              ; work         ;
;    |registradorGenerico:regA|      ; 0 (0)               ; 8 (8)                     ; 0                 ; 0          ; 0    ; 0            ; |Aula03|registradorGenerico:regA                ; registradorGenerico       ; work         ;
;    |registradorGenerico:regB|      ; 0 (0)               ; 3 (3)                     ; 0                 ; 0          ; 0    ; 0            ; |Aula03|registradorGenerico:regB                ; registradorGenerico       ; work         ;
;    |unsigned_adder_subtractor:ULA| ; 9 (9)               ; 0 (0)                     ; 0                 ; 0          ; 0    ; 0            ; |Aula03|unsigned_adder_subtractor:ULA           ; unsigned_adder_subtractor ; work         ;
+------------------------------------+---------------------+---------------------------+-------------------+------------+------+--------------+-------------------------------------------------+---------------------------+--------------+
Note: For table entries with two numbers listed, the numbers in parentheses indicate the number of resources of the given type used by the specific entity alone. The numbers listed outside of parentheses indicate the total resources of the given type used by the specific entity and all of its sub-entities in the hierarchy.


+--------------------------------------------------------------------------------------+
; Registers Removed During Synthesis                                                   ;
+---------------------------------------+----------------------------------------------+
; Register name                         ; Reason for Removal                           ;
+---------------------------------------+----------------------------------------------+
; registradorGenerico:regB|DOUT[3..6]   ; Merged with registradorGenerico:regB|DOUT[7] ;
; registradorGenerico:regB|DOUT[7]      ; Stuck at GND due to stuck port data_in       ;
; Total Number of Removed Registers = 5 ;                                              ;
+---------------------------------------+----------------------------------------------+


+------------------------------------------------------+
; General Register Statistics                          ;
+----------------------------------------------+-------+
; Statistic                                    ; Value ;
+----------------------------------------------+-------+
; Total registers                              ; 16    ;
; Number of registers using Synchronous Clear  ; 0     ;
; Number of registers using Synchronous Load   ; 8     ;
; Number of registers using Asynchronous Clear ; 0     ;
; Number of registers using Asynchronous Load  ; 0     ;
; Number of registers using Clock Enable       ; 11    ;
; Number of registers using Preset             ; 0     ;
+----------------------------------------------+-------+


+------------------------------------------------------------------------+
; Parameter Settings for User Entity Instance: Top-level Entity: |Aula03 ;
+------------------+-------+---------------------------------------------+
; Parameter Name   ; Value ; Type                                        ;
+------------------+-------+---------------------------------------------+
; DATA_WIDTH       ; 8     ; Signed Integer                              ;
; PT_CONTROL_WIDTH ; 14    ; Signed Integer                              ;
+------------------+-------+---------------------------------------------+
Note: In order to hide this table in the UI and the text report file, please set the "Show Parameter Settings in Synthesis Report" option in "Analysis and Synthesis Settings -> More Settings" to "Off".


+-------------------------------------------------------------------+
; Parameter Settings for User Entity Instance: muxGenerico2:muxIN_A ;
+----------------+-------+------------------------------------------+
; Parameter Name ; Value ; Type                                     ;
+----------------+-------+------------------------------------------+
; larguradados   ; 8     ; Signed Integer                           ;
+----------------+-------+------------------------------------------+
Note: In order to hide this table in the UI and the text report file, please set the "Show Parameter Settings in Synthesis Report" option in "Analysis and Synthesis Settings -> More Settings" to "Off".


+----------------------------------------------------------------------------+
; Parameter Settings for User Entity Instance: unsigned_adder_subtractor:ULA ;
+----------------+-------+---------------------------------------------------+
; Parameter Name ; Value ; Type                                              ;
+----------------+-------+---------------------------------------------------+
; data_width     ; 8     ; Signed Integer                                    ;
+----------------+-------+---------------------------------------------------+
Note: In order to hide this table in the UI and the text report file, please set the "Show Parameter Settings in Synthesis Report" option in "Analysis and Synthesis Settings -> More Settings" to "Off".


+-----------------------------------------------------------------------+
; Parameter Settings for User Entity Instance: registradorGenerico:regA ;
+----------------+-------+----------------------------------------------+
; Parameter Name ; Value ; Type                                         ;
+----------------+-------+----------------------------------------------+
; larguradados   ; 8     ; Signed Integer                               ;
+----------------+-------+----------------------------------------------+
Note: In order to hide this table in the UI and the text report file, please set the "Show Parameter Settings in Synthesis Report" option in "Analysis and Synthesis Settings -> More Settings" to "Off".


+-----------------------------------------------------------------------+
; Parameter Settings for User Entity Instance: registradorGenerico:regB ;
+----------------+-------+----------------------------------------------+
; Parameter Name ; Value ; Type                                         ;
+----------------+-------+----------------------------------------------+
; larguradados   ; 8     ; Signed Integer                               ;
+----------------+-------+----------------------------------------------+
Note: In order to hide this table in the UI and the text report file, please set the "Show Parameter Settings in Synthesis Report" option in "Analysis and Synthesis Settings -> More Settings" to "Off".


+-------------------------------------------------------------+
; Parameter Settings for User Entity Instance: MEF:maqEstados ;
+------------------+-------+----------------------------------+
; Parameter Name   ; Value ; Type                             ;
+------------------+-------+----------------------------------+
; rom_addr_width   ; 8     ; Signed Integer                   ;
; pt_control_width ; 14    ; Signed Integer                   ;
; state_width      ; 4     ; Signed Integer                   ;
; rom_data_width   ; 18    ; Signed Integer                   ;
+------------------+-------+----------------------------------+
Note: In order to hide this table in the UI and the text report file, please set the "Show Parameter Settings in Synthesis Report" option in "Analysis and Synthesis Settings -> More Settings" to "Off".


+------------------------------------------------------------------------------+
; Parameter Settings for User Entity Instance: MEF:maqEstados|memoria:memoria1 ;
+----------------+-------+-----------------------------------------------------+
; Parameter Name ; Value ; Type                                                ;
+----------------+-------+-----------------------------------------------------+
; datawidth      ; 18    ; Signed Integer                                      ;
; addrwidth      ; 8     ; Signed Integer                                      ;
+----------------+-------+-----------------------------------------------------+
Note: In order to hide this table in the UI and the text report file, please set the "Show Parameter Settings in Synthesis Report" option in "Analysis and Synthesis Settings -> More Settings" to "Off".


+--------------------------------------------------------------------------------------+
; Parameter Settings for User Entity Instance: MEF:maqEstados|registradorGenerico:regA ;
+----------------+-------+-------------------------------------------------------------+
; Parameter Name ; Value ; Type                                                        ;
+----------------+-------+-------------------------------------------------------------+
; larguradados   ; 4     ; Signed Integer                                              ;
+----------------+-------+-------------------------------------------------------------+
Note: In order to hide this table in the UI and the text report file, please set the "Show Parameter Settings in Synthesis Report" option in "Analysis and Synthesis Settings -> More Settings" to "Off".


+---------------------------------------------------------------------+
; Port Connectivity Checks: "MEF:maqEstados|registradorGenerico:regA" ;
+--------+-------+----------+-----------------------------------------+
; Port   ; Type  ; Severity ; Details                                 ;
+--------+-------+----------+-----------------------------------------+
; enable ; Input ; Info     ; Stuck at VCC                            ;
; rst    ; Input ; Info     ; Stuck at GND                            ;
+--------+-------+----------+-----------------------------------------+


+-------------------------------------------------------------+
; Port Connectivity Checks: "MEF:maqEstados|memoria:memoria1" ;
+----------------+-------+----------+-------------------------+
; Port           ; Type  ; Severity ; Details                 ;
+----------------+-------+----------+-------------------------+
; endereco[7..4] ; Input ; Info     ; Stuck at GND            ;
+----------------+-------+----------+-------------------------+


+-----------------------------------------------------+
; Post-Synthesis Netlist Statistics for Top Partition ;
+-----------------------+-----------------------------+
; Type                  ; Count                       ;
+-----------------------+-----------------------------+
; arriav_ff             ; 16                          ;
;     ENA               ; 3                           ;
;     ENA SLD           ; 8                           ;
;     plain             ; 5                           ;
; arriav_lcell_comb     ; 22                          ;
;     arith             ; 9                           ;
;         1 data inputs ; 1                           ;
;         2 data inputs ; 5                           ;
;         3 data inputs ; 3                           ;
;     normal            ; 13                          ;
;         0 data inputs ; 1                           ;
;         1 data inputs ; 1                           ;
;         2 data inputs ; 3                           ;
;         3 data inputs ; 2                           ;
;         4 data inputs ; 6                           ;
; boundary_port         ; 12                          ;
;                       ;                             ;
; Max LUT depth         ; 2.80                        ;
; Average LUT depth     ; 1.76                        ;
+-----------------------+-----------------------------+


+-------------------------------+
; Elapsed Time Per Partition    ;
+----------------+--------------+
; Partition Name ; Elapsed Time ;
+----------------+--------------+
; Top            ; 00:00:00     ;
+----------------+--------------+


+-------------------------------+
; Analysis & Synthesis Messages ;
+-------------------------------+
Info: *******************************************************************
Info: Running Quartus Prime Analysis & Synthesis
    Info: Version 20.1.0 Build 711 06/05/2020 SJ Lite Edition
    Info: Processing started: Sat Sep 26 14:03:14 2020
Info: Command: quartus_map --read_settings_files=on --write_settings_files=off Aula03 -c Aula03
Info (20030): Parallel compilation is enabled and will use 2 of the 2 processors detected
Info (12021): Found 2 design units, including 1 entities, in source file aula03.vhd
    Info (12022): Found design unit 1: Aula03-rtl File: C:/Users/mathe/OneDrive/Documentos/6Periodo/designComputadores/Aula03/Aula03.vhd Line: 24
    Info (12023): Found entity 1: Aula03 File: C:/Users/mathe/OneDrive/Documentos/6Periodo/designComputadores/Aula03/Aula03.vhd Line: 5
Info (12021): Found 2 design units, including 1 entities, in source file unsigned_adder_subtractor.vhd
    Info (12022): Found design unit 1: unsigned_adder_subtractor-rtl File: C:/Users/mathe/OneDrive/Documentos/6Periodo/designComputadores/Aula03/unsigned_adder_subtractor.vhd Line: 26
    Info (12023): Found entity 1: unsigned_adder_subtractor File: C:/Users/mathe/OneDrive/Documentos/6Periodo/designComputadores/Aula03/unsigned_adder_subtractor.vhd Line: 8
Info (12021): Found 2 design units, including 1 entities, in source file registradorgenerico.vhd
    Info (12022): Found design unit 1: registradorGenerico-comportamento File: C:/Users/mathe/OneDrive/Documentos/6Periodo/designComputadores/Aula03/registradorGenerico.vhd Line: 16
    Info (12023): Found entity 1: registradorGenerico File: C:/Users/mathe/OneDrive/Documentos/6Periodo/designComputadores/Aula03/registradorGenerico.vhd Line: 5
Info (12021): Found 2 design units, including 1 entities, in source file muxgenerico2.vhd
    Info (12022): Found design unit 1: muxGenerico2-comportamento File: C:/Users/mathe/OneDrive/Documentos/6Periodo/designComputadores/Aula03/muxGenerico2.vhd Line: 19
    Info (12023): Found entity 1: muxGenerico2 File: C:/Users/mathe/OneDrive/Documentos/6Periodo/designComputadores/Aula03/muxGenerico2.vhd Line: 5
Info (12021): Found 2 design units, including 1 entities, in source file edgedetector.vhd
    Info (12022): Found design unit 1: edgeDetector-bordaDescida File: C:/Users/mathe/OneDrive/Documentos/6Periodo/designComputadores/Aula03/edgeDetector.vhd Line: 10
    Info (12023): Found entity 1: edgeDetector File: C:/Users/mathe/OneDrive/Documentos/6Periodo/designComputadores/Aula03/edgeDetector.vhd Line: 4
Info (12021): Found 2 design units, including 1 entities, in source file memoria.vhd
    Info (12022): Found design unit 1: memoria-assincrona File: C:/Users/mathe/OneDrive/Documentos/6Periodo/designComputadores/Aula03/memoria.vhd Line: 17
    Info (12023): Found entity 1: memoria File: C:/Users/mathe/OneDrive/Documentos/6Periodo/designComputadores/Aula03/memoria.vhd Line: 5
Info (12021): Found 2 design units, including 1 entities, in source file mef.vhd
    Info (12022): Found design unit 1: MEF-rtl File: C:/Users/mathe/OneDrive/Documentos/6Periodo/designComputadores/Aula03/MEF.vhd Line: 23
    Info (12023): Found entity 1: MEF File: C:/Users/mathe/OneDrive/Documentos/6Periodo/designComputadores/Aula03/MEF.vhd Line: 4
Info (12127): Elaborating entity "Aula03" for the top level hierarchy
Info (12128): Elaborating entity "muxGenerico2" for hierarchy "muxGenerico2:muxIN_A" File: C:/Users/mathe/OneDrive/Documentos/6Periodo/designComputadores/Aula03/Aula03.vhd Line: 43
Info (12128): Elaborating entity "unsigned_adder_subtractor" for hierarchy "unsigned_adder_subtractor:ULA" File: C:/Users/mathe/OneDrive/Documentos/6Periodo/designComputadores/Aula03/Aula03.vhd Line: 52
Info (12128): Elaborating entity "registradorGenerico" for hierarchy "registradorGenerico:regA" File: C:/Users/mathe/OneDrive/Documentos/6Periodo/designComputadores/Aula03/Aula03.vhd Line: 60
Info (12129): Elaborating entity "edgeDetector" using architecture "A:bordadescida" for hierarchy "edgeDetector:detectorCLK" File: C:/Users/mathe/OneDrive/Documentos/6Periodo/designComputadores/Aula03/Aula03.vhd Line: 81
Info (12128): Elaborating entity "MEF" for hierarchy "MEF:maqEstados" File: C:/Users/mathe/OneDrive/Documentos/6Periodo/designComputadores/Aula03/Aula03.vhd Line: 91
Info (12128): Elaborating entity "memoria" for hierarchy "MEF:maqEstados|memoria:memoria1" File: C:/Users/mathe/OneDrive/Documentos/6Periodo/designComputadores/Aula03/MEF.vhd Line: 35
Info (12128): Elaborating entity "registradorGenerico" for hierarchy "MEF:maqEstados|registradorGenerico:regA" File: C:/Users/mathe/OneDrive/Documentos/6Periodo/designComputadores/Aula03/MEF.vhd Line: 38
Info (286030): Timing-Driven Synthesis is running
Info (16010): Generating hard_block partition "hard_block:auto_generated_inst"
    Info (16011): Adding 0 node(s), including 0 DDIO, 0 PLL, 0 transceiver and 0 LCELL
Info (21057): Implemented 45 device resources after synthesis - the final resource count might be different
    Info (21058): Implemented 2 input pins
    Info (21059): Implemented 10 output pins
    Info (21061): Implemented 33 logic cells
Info: Quartus Prime Analysis & Synthesis was successful. 0 errors, 0 warnings
    Info: Peak virtual memory: 4842 megabytes
    Info: Processing ended: Sat Sep 26 14:03:27 2020
    Info: Elapsed time: 00:00:13
    Info: Total CPU time (on all processors): 00:00:24


