Assembler report for Aula03
Sat Sep 26 14:03:57 2020
Quartus Prime Version 20.1.0 Build 711 06/05/2020 SJ Lite Edition


---------------------
; Table of Contents ;
---------------------
  1. Legal Notice
  2. Assembler Summary
  3. Assembler Settings
  4. Assembler Generated Files
  5. Assembler Device Options: C:/Users/mathe/OneDrive/Documentos/6Periodo/designComputadores/Aula03/output_files/Aula03.sof
  6. Assembler Device Options: C:/Users/mathe/OneDrive/Documentos/6Periodo/designComputadores/Aula03/output_files/Aula03.pof
  7. Assembler Messages



----------------
; Legal Notice ;
----------------
Copyright (C) 2020  Intel Corporation. All rights reserved.
Your use of Intel Corporation's design tools, logic functions 
and other software and tools, and any partner logic 
functions, and any output files from any of the foregoing 
(including device programming or simulation files), and any 
associated documentation or information are expressly subject 
to the terms and conditions of the Intel Program License 
Subscription Agreement, the Intel Quartus Prime License Agreement,
the Intel FPGA IP License Agreement, or other applicable license
agreement, including, without limitation, that your use is for
the sole purpose of programming logic devices manufactured by
Intel and sold by Intel or its authorized distributors.  Please
refer to the applicable agreement for further details, at
https://fpgasoftware.intel.com/eula.



+---------------------------------------------------------------+
; Assembler Summary                                             ;
+-----------------------+---------------------------------------+
; Assembler Status      ; Successful - Sat Sep 26 14:03:57 2020 ;
; Revision Name         ; Aula03                                ;
; Top-level Entity Name ; Aula03                                ;
; Family                ; Cyclone V                             ;
; Device                ; 5CEBA4F23C7                           ;
+-----------------------+---------------------------------------+


+----------------------------------+
; Assembler Settings               ;
+--------+---------+---------------+
; Option ; Setting ; Default Value ;
+--------+---------+---------------+


+-----------------------------------------------------------------------------------------------+
; Assembler Generated Files                                                                     ;
+-----------------------------------------------------------------------------------------------+
; File Name                                                                                     ;
+-----------------------------------------------------------------------------------------------+
; C:/Users/mathe/OneDrive/Documentos/6Periodo/designComputadores/Aula03/output_files/Aula03.sof ;
; C:/Users/mathe/OneDrive/Documentos/6Periodo/designComputadores/Aula03/output_files/Aula03.pof ;
+-----------------------------------------------------------------------------------------------+


+-------------------------------------------------------------------------------------------------------------------------+
; Assembler Device Options: C:/Users/mathe/OneDrive/Documentos/6Periodo/designComputadores/Aula03/output_files/Aula03.sof ;
+----------------+--------------------------------------------------------------------------------------------------------+
; Option         ; Setting                                                                                                ;
+----------------+--------------------------------------------------------------------------------------------------------+
; JTAG usercode  ; 0x004E5451                                                                                             ;
; Checksum       ; 0x004E5451                                                                                             ;
+----------------+--------------------------------------------------------------------------------------------------------+


+-------------------------------------------------------------------------------------------------------------------------+
; Assembler Device Options: C:/Users/mathe/OneDrive/Documentos/6Periodo/designComputadores/Aula03/output_files/Aula03.pof ;
+--------------------+----------------------------------------------------------------------------------------------------+
; Option             ; Setting                                                                                            ;
+--------------------+----------------------------------------------------------------------------------------------------+
; JTAG usercode      ; 0x00000000                                                                                         ;
; Checksum           ; 0x74B33B5D                                                                                         ;
; Compression Ratio  ; 3                                                                                                  ;
+--------------------+----------------------------------------------------------------------------------------------------+


+--------------------+
; Assembler Messages ;
+--------------------+
Info: *******************************************************************
Info: Running Quartus Prime Assembler
    Info: Version 20.1.0 Build 711 06/05/2020 SJ Lite Edition
    Info: Processing started: Sat Sep 26 14:03:51 2020
Info: Command: quartus_asm --read_settings_files=off --write_settings_files=off Aula03 -c Aula03
Info (115030): Assembler is generating device programming files
Info: Quartus Prime Assembler was successful. 0 errors, 0 warnings
    Info: Peak virtual memory: 4817 megabytes
    Info: Processing ended: Sat Sep 26 14:03:57 2020
    Info: Elapsed time: 00:00:06
    Info: Total CPU time (on all processors): 00:00:05


