Analysis & Elaboration report for Aula07_UC
Tue Sep 29 18:00:15 2020
Quartus Prime Version 20.1.0 Build 711 06/05/2020 SJ Lite Edition


---------------------
; Table of Contents ;
---------------------
  1. Legal Notice
  2. Analysis & Elaboration Summary
  3. Parallel Compilation
  4. Parameter Settings for User Entity Instance: Top-level Entity: |Aula07_UC
  5. Parameter Settings for User Entity Instance: Processador_Aula07:CPU
  6. Parameter Settings for User Entity Instance: Processador_Aula07:CPU|Fluxo_Dados:FD
  7. Parameter Settings for User Entity Instance: Processador_Aula07:CPU|Fluxo_Dados:FD|registradorGenerico:PC
  8. Parameter Settings for User Entity Instance: Processador_Aula07:CPU|Fluxo_Dados:FD|muxGenerico2x1:MuxProxPC
  9. Parameter Settings for User Entity Instance: Processador_Aula07:CPU|Fluxo_Dados:FD|muxGenerico2x1:muxULA_Imediato
 10. Parameter Settings for User Entity Instance: Processador_Aula07:CPU|Fluxo_Dados:FD|somaConstante:somaUm
 11. Parameter Settings for User Entity Instance: Processador_Aula07:CPU|Fluxo_Dados:FD|memoriaROM:ROM
 12. Parameter Settings for User Entity Instance: Processador_Aula07:CPU|Fluxo_Dados:FD|memoriaRAM:RAM
 13. Parameter Settings for User Entity Instance: Processador_Aula07:CPU|Fluxo_Dados:FD|registradorGenerico:Acumulador
 14. Parameter Settings for User Entity Instance: Processador_Aula07:CPU|Fluxo_Dados:FD|ULA:ULA
 15. Parameter Settings for User Entity Instance: Processador_Aula07:CPU|Fluxo_Dados:FD|estendeSinalGenerico:estendeSinal
 16. Parameter Settings for User Entity Instance: Processador_Aula07:CPU|Unidade_Controle:UC
 17. Analysis & Elaboration Settings
 18. Port Connectivity Checks: "conversorHex7Seg:conversorHex1"
 19. Port Connectivity Checks: "conversorHex7Seg:conversorHex0"
 20. Port Connectivity Checks: "Processador_Aula07:CPU|Fluxo_Dados:FD|ULA:ULA"
 21. Port Connectivity Checks: "Processador_Aula07:CPU|Fluxo_Dados:FD|registradorGenerico:Acumulador"
 22. Port Connectivity Checks: "Processador_Aula07:CPU|Fluxo_Dados:FD|registradorGenerico:PC"
 23. Port Connectivity Checks: "Processador_Aula07:CPU"
 24. Analysis & Elaboration Messages



----------------
; Legal Notice ;
----------------
Copyright (C) 2020  Intel Corporation. All rights reserved.
Your use of Intel Corporation's design tools, logic functions 
and other software and tools, and any partner logic 
functions, and any output files from any of the foregoing 
(including device programming or simulation files), and any 
associated documentation or information are expressly subject 
to the terms and conditions of the Intel Program License 
Subscription Agreement, the Intel Quartus Prime License Agreement,
the Intel FPGA IP License Agreement, or other applicable license
agreement, including, without limitation, that your use is for
the sole purpose of programming logic devices manufactured by
Intel and sold by Intel or its authorized distributors.  Please
refer to the applicable agreement for further details, at
https://fpgasoftware.intel.com/eula.



+-----------------------------------------------------------------------------+
; Analysis & Elaboration Summary                                              ;
+-------------------------------+---------------------------------------------+
; Analysis & Elaboration Status ; Successful - Tue Sep 29 18:00:15 2020       ;
; Quartus Prime Version         ; 20.1.0 Build 711 06/05/2020 SJ Lite Edition ;
; Revision Name                 ; Aula07_UC                                   ;
; Top-level Entity Name         ; Aula07_UC                                   ;
; Family                        ; Cyclone V                                   ;
; Logic utilization (in ALMs)   ; N/A until Partition Merge                   ;
; Total registers               ; N/A until Partition Merge                   ;
; Total pins                    ; N/A until Partition Merge                   ;
; Total virtual pins            ; N/A until Partition Merge                   ;
; Total block memory bits       ; N/A until Partition Merge                   ;
; Total PLLs                    ; N/A until Partition Merge                   ;
; Total DLLs                    ; N/A until Partition Merge                   ;
+-------------------------------+---------------------------------------------+


+------------------------------------------+
; Parallel Compilation                     ;
+----------------------------+-------------+
; Processors                 ; Number      ;
+----------------------------+-------------+
; Number detected on machine ; 4           ;
; Maximum allowed            ; 2           ;
;                            ;             ;
; Average used               ; 1.00        ;
; Maximum used               ; 1           ;
;                            ;             ;
; Usage by Processor         ; % Time Used ;
;     Processor 1            ; 100.0%      ;
+----------------------------+-------------+


+---------------------------------------------------------------------------+
; Parameter Settings for User Entity Instance: Top-level Entity: |Aula07_UC ;
+----------------+-------+--------------------------------------------------+
; Parameter Name ; Value ; Type                                             ;
+----------------+-------+--------------------------------------------------+
; DATA_WIDTH     ; 16    ; Signed Integer                                   ;
; ADDR_WIDTH     ; 12    ; Signed Integer                                   ;
+----------------+-------+--------------------------------------------------+
Note: In order to hide this table in the UI and the text report file, please set the "Show Parameter Settings in Synthesis Report" option in "Analysis and Synthesis Settings -> More Settings" to "Off".


+---------------------------------------------------------------------+
; Parameter Settings for User Entity Instance: Processador_Aula07:CPU ;
+----------------+-------+--------------------------------------------+
; Parameter Name ; Value ; Type                                       ;
+----------------+-------+--------------------------------------------+
; data_width     ; 16    ; Signed Integer                             ;
; addr_width     ; 12    ; Signed Integer                             ;
+----------------+-------+--------------------------------------------+
Note: In order to hide this table in the UI and the text report file, please set the "Show Parameter Settings in Synthesis Report" option in "Analysis and Synthesis Settings -> More Settings" to "Off".


+------------------------------------------------------------------------------------+
; Parameter Settings for User Entity Instance: Processador_Aula07:CPU|Fluxo_Dados:FD ;
+----------------+-------+-----------------------------------------------------------+
; Parameter Name ; Value ; Type                                                      ;
+----------------+-------+-----------------------------------------------------------+
; data_width     ; 16    ; Signed Integer                                            ;
; rom_data_width ; 16    ; Signed Integer                                            ;
; addr_width     ; 12    ; Signed Integer                                            ;
+----------------+-------+-----------------------------------------------------------+
Note: In order to hide this table in the UI and the text report file, please set the "Show Parameter Settings in Synthesis Report" option in "Analysis and Synthesis Settings -> More Settings" to "Off".


+-----------------------------------------------------------------------------------------------------------+
; Parameter Settings for User Entity Instance: Processador_Aula07:CPU|Fluxo_Dados:FD|registradorGenerico:PC ;
+----------------+-------+----------------------------------------------------------------------------------+
; Parameter Name ; Value ; Type                                                                             ;
+----------------+-------+----------------------------------------------------------------------------------+
; larguradados   ; 12    ; Signed Integer                                                                   ;
+----------------+-------+----------------------------------------------------------------------------------+
Note: In order to hide this table in the UI and the text report file, please set the "Show Parameter Settings in Synthesis Report" option in "Analysis and Synthesis Settings -> More Settings" to "Off".


+-------------------------------------------------------------------------------------------------------------+
; Parameter Settings for User Entity Instance: Processador_Aula07:CPU|Fluxo_Dados:FD|muxGenerico2x1:MuxProxPC ;
+----------------+-------+------------------------------------------------------------------------------------+
; Parameter Name ; Value ; Type                                                                               ;
+----------------+-------+------------------------------------------------------------------------------------+
; larguradados   ; 12    ; Signed Integer                                                                     ;
+----------------+-------+------------------------------------------------------------------------------------+
Note: In order to hide this table in the UI and the text report file, please set the "Show Parameter Settings in Synthesis Report" option in "Analysis and Synthesis Settings -> More Settings" to "Off".


+-------------------------------------------------------------------------------------------------------------------+
; Parameter Settings for User Entity Instance: Processador_Aula07:CPU|Fluxo_Dados:FD|muxGenerico2x1:muxULA_Imediato ;
+----------------+-------+------------------------------------------------------------------------------------------+
; Parameter Name ; Value ; Type                                                                                     ;
+----------------+-------+------------------------------------------------------------------------------------------+
; larguradados   ; 16    ; Signed Integer                                                                           ;
+----------------+-------+------------------------------------------------------------------------------------------+
Note: In order to hide this table in the UI and the text report file, please set the "Show Parameter Settings in Synthesis Report" option in "Analysis and Synthesis Settings -> More Settings" to "Off".


+---------------------------------------------------------------------------------------------------------+
; Parameter Settings for User Entity Instance: Processador_Aula07:CPU|Fluxo_Dados:FD|somaConstante:somaUm ;
+----------------+-------+--------------------------------------------------------------------------------+
; Parameter Name ; Value ; Type                                                                           ;
+----------------+-------+--------------------------------------------------------------------------------+
; larguradados   ; 12    ; Signed Integer                                                                 ;
; constante      ; 1     ; Signed Integer                                                                 ;
+----------------+-------+--------------------------------------------------------------------------------+
Note: In order to hide this table in the UI and the text report file, please set the "Show Parameter Settings in Synthesis Report" option in "Analysis and Synthesis Settings -> More Settings" to "Off".


+---------------------------------------------------------------------------------------------------+
; Parameter Settings for User Entity Instance: Processador_Aula07:CPU|Fluxo_Dados:FD|memoriaROM:ROM ;
+----------------+-------+--------------------------------------------------------------------------+
; Parameter Name ; Value ; Type                                                                     ;
+----------------+-------+--------------------------------------------------------------------------+
; datawidth      ; 16    ; Signed Integer                                                           ;
; addrwidth      ; 12    ; Signed Integer                                                           ;
+----------------+-------+--------------------------------------------------------------------------+
Note: In order to hide this table in the UI and the text report file, please set the "Show Parameter Settings in Synthesis Report" option in "Analysis and Synthesis Settings -> More Settings" to "Off".


+---------------------------------------------------------------------------------------------------+
; Parameter Settings for User Entity Instance: Processador_Aula07:CPU|Fluxo_Dados:FD|memoriaRAM:RAM ;
+----------------+-------+--------------------------------------------------------------------------+
; Parameter Name ; Value ; Type                                                                     ;
+----------------+-------+--------------------------------------------------------------------------+
; datawidth      ; 16    ; Signed Integer                                                           ;
; addrwidth      ; 12    ; Signed Integer                                                           ;
+----------------+-------+--------------------------------------------------------------------------+
Note: In order to hide this table in the UI and the text report file, please set the "Show Parameter Settings in Synthesis Report" option in "Analysis and Synthesis Settings -> More Settings" to "Off".


+-------------------------------------------------------------------------------------------------------------------+
; Parameter Settings for User Entity Instance: Processador_Aula07:CPU|Fluxo_Dados:FD|registradorGenerico:Acumulador ;
+----------------+-------+------------------------------------------------------------------------------------------+
; Parameter Name ; Value ; Type                                                                                     ;
+----------------+-------+------------------------------------------------------------------------------------------+
; larguradados   ; 16    ; Signed Integer                                                                           ;
+----------------+-------+------------------------------------------------------------------------------------------+
Note: In order to hide this table in the UI and the text report file, please set the "Show Parameter Settings in Synthesis Report" option in "Analysis and Synthesis Settings -> More Settings" to "Off".


+--------------------------------------------------------------------------------------------+
; Parameter Settings for User Entity Instance: Processador_Aula07:CPU|Fluxo_Dados:FD|ULA:ULA ;
+----------------+-------+-------------------------------------------------------------------+
; Parameter Name ; Value ; Type                                                              ;
+----------------+-------+-------------------------------------------------------------------+
; larguradados   ; 16    ; Signed Integer                                                    ;
+----------------+-------+-------------------------------------------------------------------+
Note: In order to hide this table in the UI and the text report file, please set the "Show Parameter Settings in Synthesis Report" option in "Analysis and Synthesis Settings -> More Settings" to "Off".


+----------------------------------------------------------------------------------------------------------------------+
; Parameter Settings for User Entity Instance: Processador_Aula07:CPU|Fluxo_Dados:FD|estendeSinalGenerico:estendeSinal ;
+--------------------+-------+-----------------------------------------------------------------------------------------+
; Parameter Name     ; Value ; Type                                                                                    ;
+--------------------+-------+-----------------------------------------------------------------------------------------+
; larguradadoentrada ; 12    ; Signed Integer                                                                          ;
; larguradadosaida   ; 16    ; Signed Integer                                                                          ;
+--------------------+-------+-----------------------------------------------------------------------------------------+
Note: In order to hide this table in the UI and the text report file, please set the "Show Parameter Settings in Synthesis Report" option in "Analysis and Synthesis Settings -> More Settings" to "Off".


+-----------------------------------------------------------------------------------------+
; Parameter Settings for User Entity Instance: Processador_Aula07:CPU|Unidade_Controle:UC ;
+----------------+-------+----------------------------------------------------------------+
; Parameter Name ; Value ; Type                                                           ;
+----------------+-------+----------------------------------------------------------------+
; data_width     ; 16    ; Signed Integer                                                 ;
; addr_width     ; 12    ; Signed Integer                                                 ;
+----------------+-------+----------------------------------------------------------------+
Note: In order to hide this table in the UI and the text report file, please set the "Show Parameter Settings in Synthesis Report" option in "Analysis and Synthesis Settings -> More Settings" to "Off".


+---------------------------------------------------------------------------------------------------------------------------+
; Analysis & Elaboration Settings                                                                                           ;
+---------------------------------------------------------------------------------+--------------------+--------------------+
; Option                                                                          ; Setting            ; Default Value      ;
+---------------------------------------------------------------------------------+--------------------+--------------------+
; Device                                                                          ; 5CEBA4F23C7        ;                    ;
; Top-level entity name                                                           ; Aula07_UC          ; Aula07_UC          ;
; Family name                                                                     ; Cyclone V          ; Cyclone V          ;
; Maximum processors allowed for parallel compilation                             ; All                ;                    ;
; VHDL Show LMF Mapping Messages                                                  ; Off                ;                    ;
; VHDL Version                                                                    ; VHDL_2008          ; VHDL_1993          ;
; Use smart compilation                                                           ; Off                ; Off                ;
; Enable parallel Assembler and Timing Analyzer during compilation                ; On                 ; On                 ;
; Enable compact report table                                                     ; Off                ; Off                ;
; Restructure Multiplexers                                                        ; Auto               ; Auto               ;
; MLAB Add Timing Constraints For Mixed-Port Feed-Through Mode Setting Don't Care ; Off                ; Off                ;
; Create Debugging Nodes for IP Cores                                             ; Off                ; Off                ;
; Preserve fewer node names                                                       ; On                 ; On                 ;
; Intel FPGA IP Evaluation Mode                                                   ; Enable             ; Enable             ;
; Verilog Version                                                                 ; Verilog_2001       ; Verilog_2001       ;
; State Machine Processing                                                        ; Auto               ; Auto               ;
; Safe State Machine                                                              ; Off                ; Off                ;
; Extract Verilog State Machines                                                  ; On                 ; On                 ;
; Extract VHDL State Machines                                                     ; On                 ; On                 ;
; Ignore Verilog initial constructs                                               ; Off                ; Off                ;
; Iteration limit for constant Verilog loops                                      ; 5000               ; 5000               ;
; Iteration limit for non-constant Verilog loops                                  ; 250                ; 250                ;
; Add Pass-Through Logic to Inferred RAMs                                         ; On                 ; On                 ;
; Infer RAMs from Raw Logic                                                       ; On                 ; On                 ;
; Parallel Synthesis                                                              ; On                 ; On                 ;
; DSP Block Balancing                                                             ; Auto               ; Auto               ;
; NOT Gate Push-Back                                                              ; On                 ; On                 ;
; Power-Up Don't Care                                                             ; On                 ; On                 ;
; Remove Redundant Logic Cells                                                    ; Off                ; Off                ;
; Remove Duplicate Registers                                                      ; On                 ; On                 ;
; Ignore CARRY Buffers                                                            ; Off                ; Off                ;
; Ignore CASCADE Buffers                                                          ; Off                ; Off                ;
; Ignore GLOBAL Buffers                                                           ; Off                ; Off                ;
; Ignore ROW GLOBAL Buffers                                                       ; Off                ; Off                ;
; Ignore LCELL Buffers                                                            ; Off                ; Off                ;
; Ignore SOFT Buffers                                                             ; On                 ; On                 ;
; Limit AHDL Integers to 32 Bits                                                  ; Off                ; Off                ;
; Optimization Technique                                                          ; Balanced           ; Balanced           ;
; Carry Chain Length                                                              ; 70                 ; 70                 ;
; Auto Carry Chains                                                               ; On                 ; On                 ;
; Auto Open-Drain Pins                                                            ; On                 ; On                 ;
; Perform WYSIWYG Primitive Resynthesis                                           ; Off                ; Off                ;
; Auto ROM Replacement                                                            ; On                 ; On                 ;
; Auto RAM Replacement                                                            ; On                 ; On                 ;
; Auto DSP Block Replacement                                                      ; On                 ; On                 ;
; Auto Shift Register Replacement                                                 ; Auto               ; Auto               ;
; Allow Shift Register Merging across Hierarchies                                 ; Auto               ; Auto               ;
; Auto Clock Enable Replacement                                                   ; On                 ; On                 ;
; Strict RAM Replacement                                                          ; Off                ; Off                ;
; Allow Synchronous Control Signals                                               ; On                 ; On                 ;
; Force Use of Synchronous Clear Signals                                          ; Off                ; Off                ;
; Auto Resource Sharing                                                           ; Off                ; Off                ;
; Allow Any RAM Size For Recognition                                              ; Off                ; Off                ;
; Allow Any ROM Size For Recognition                                              ; Off                ; Off                ;
; Allow Any Shift Register Size For Recognition                                   ; Off                ; Off                ;
; Use LogicLock Constraints during Resource Balancing                             ; On                 ; On                 ;
; Ignore translate_off and synthesis_off directives                               ; Off                ; Off                ;
; Timing-Driven Synthesis                                                         ; On                 ; On                 ;
; Report Parameter Settings                                                       ; On                 ; On                 ;
; Report Source Assignments                                                       ; On                 ; On                 ;
; Report Connectivity Checks                                                      ; On                 ; On                 ;
; Ignore Maximum Fan-Out Assignments                                              ; Off                ; Off                ;
; Synchronization Register Chain Length                                           ; 3                  ; 3                  ;
; Power Optimization During Synthesis                                             ; Normal compilation ; Normal compilation ;
; HDL message level                                                               ; Level2             ; Level2             ;
; Suppress Register Optimization Related Messages                                 ; Off                ; Off                ;
; Number of Removed Registers Reported in Synthesis Report                        ; 5000               ; 5000               ;
; Number of Swept Nodes Reported in Synthesis Report                              ; 5000               ; 5000               ;
; Number of Inverted Registers Reported in Synthesis Report                       ; 100                ; 100                ;
; Clock MUX Protection                                                            ; On                 ; On                 ;
; Auto Gated Clock Conversion                                                     ; Off                ; Off                ;
; Block Design Naming                                                             ; Auto               ; Auto               ;
; SDC constraint protection                                                       ; Off                ; Off                ;
; Synthesis Effort                                                                ; Auto               ; Auto               ;
; Shift Register Replacement - Allow Asynchronous Clear Signal                    ; On                 ; On                 ;
; Pre-Mapping Resynthesis Optimization                                            ; Off                ; Off                ;
; Analysis & Synthesis Message Level                                              ; Medium             ; Medium             ;
; Disable Register Merging Across Hierarchies                                     ; Auto               ; Auto               ;
; Resource Aware Inference For Block RAM                                          ; On                 ; On                 ;
; Automatic Parallel Synthesis                                                    ; On                 ; On                 ;
; Partial Reconfiguration Bitstream ID                                            ; Off                ; Off                ;
+---------------------------------------------------------------------------------+--------------------+--------------------+


+------------------------------------------------------------+
; Port Connectivity Checks: "conversorHex7Seg:conversorHex1" ;
+----------+-------+----------+------------------------------+
; Port     ; Type  ; Severity ; Details                      ;
+----------+-------+----------+------------------------------+
; apaga    ; Input ; Info     ; Stuck at GND                 ;
; negativo ; Input ; Info     ; Stuck at GND                 ;
; overflow ; Input ; Info     ; Stuck at GND                 ;
+----------+-------+----------+------------------------------+


+------------------------------------------------------------+
; Port Connectivity Checks: "conversorHex7Seg:conversorHex0" ;
+----------+-------+----------+------------------------------+
; Port     ; Type  ; Severity ; Details                      ;
+----------+-------+----------+------------------------------+
; apaga    ; Input ; Info     ; Stuck at GND                 ;
; negativo ; Input ; Info     ; Stuck at GND                 ;
; overflow ; Input ; Info     ; Stuck at GND                 ;
+----------+-------+----------+------------------------------+


+--------------------------------------------------------------------------------------------------------------------+
; Port Connectivity Checks: "Processador_Aula07:CPU|Fluxo_Dados:FD|ULA:ULA"                                          ;
+----------+--------+----------+-------------------------------------------------------------------------------------+
; Port     ; Type   ; Severity ; Details                                                                             ;
+----------+--------+----------+-------------------------------------------------------------------------------------+
; flagzero ; Output ; Info     ; Connected to dangling logic. Logic that only feeds a dangling port will be removed. ;
+----------+--------+----------+-------------------------------------------------------------------------------------+


+--------------------------------------------------------------------------------------------------+
; Port Connectivity Checks: "Processador_Aula07:CPU|Fluxo_Dados:FD|registradorGenerico:Acumulador" ;
+------+-------+----------+------------------------------------------------------------------------+
; Port ; Type  ; Severity ; Details                                                                ;
+------+-------+----------+------------------------------------------------------------------------+
; rst  ; Input ; Info     ; Stuck at GND                                                           ;
+------+-------+----------+------------------------------------------------------------------------+


+------------------------------------------------------------------------------------------+
; Port Connectivity Checks: "Processador_Aula07:CPU|Fluxo_Dados:FD|registradorGenerico:PC" ;
+--------+-------+----------+--------------------------------------------------------------+
; Port   ; Type  ; Severity ; Details                                                      ;
+--------+-------+----------+--------------------------------------------------------------+
; enable ; Input ; Info     ; Stuck at VCC                                                 ;
; rst    ; Input ; Info     ; Stuck at GND                                                 ;
+--------+-------+----------+--------------------------------------------------------------+


+----------------------------------------------------------------------------------------------------------------------------------+
; Port Connectivity Checks: "Processador_Aula07:CPU"                                                                               ;
+------------------------+--------+----------+-------------------------------------------------------------------------------------+
; Port                   ; Type   ; Severity ; Details                                                                             ;
+------------------------+--------+----------+-------------------------------------------------------------------------------------+
; saidaacumulador[15..8] ; Output ; Info     ; Connected to dangling logic. Logic that only feeds a dangling port will be removed. ;
; programcounter         ; Output ; Info     ; Connected to dangling logic. Logic that only feeds a dangling port will be removed. ;
+------------------------+--------+----------+-------------------------------------------------------------------------------------+


+---------------------------------+
; Analysis & Elaboration Messages ;
+---------------------------------+
Info: *******************************************************************
Info: Running Quartus Prime Analysis & Elaboration
    Info: Version 20.1.0 Build 711 06/05/2020 SJ Lite Edition
    Info: Processing started: Tue Sep 29 18:00:04 2020
Info: Command: quartus_map --read_settings_files=on --write_settings_files=off Aula07_UC -c Aula07_UC --analysis_and_elaboration
Info (20030): Parallel compilation is enabled and will use 2 of the 2 processors detected
Info (12021): Found 2 design units, including 1 entities, in source file unidade_controle.vhd
    Info (12022): Found design unit 1: Unidade_Controle-arch_name File: C:/Users/mathe/OneDrive/Documentos/6Periodo/designComputadores/Aula07/Unidade_Controle.vhd Line: 19
    Info (12023): Found entity 1: Unidade_Controle File: C:/Users/mathe/OneDrive/Documentos/6Periodo/designComputadores/Aula07/Unidade_Controle.vhd Line: 5
Info (12021): Found 2 design units, including 1 entities, in source file ula.vhd
    Info (12022): Found design unit 1: ULA-comportamento File: C:/Users/mathe/OneDrive/Documentos/6Periodo/designComputadores/Aula07/ULA.vhd Line: 17
    Info (12023): Found entity 1: ULA File: C:/Users/mathe/OneDrive/Documentos/6Periodo/designComputadores/Aula07/ULA.vhd Line: 5
Info (12021): Found 2 design units, including 1 entities, in source file somaconstante.vhd
    Info (12022): Found design unit 1: somaConstante-comportamento File: C:/Users/mathe/OneDrive/Documentos/6Periodo/designComputadores/Aula07/somaConstante.vhd Line: 16
    Info (12023): Found entity 1: somaConstante File: C:/Users/mathe/OneDrive/Documentos/6Periodo/designComputadores/Aula07/somaConstante.vhd Line: 5
Info (12021): Found 2 design units, including 1 entities, in source file registradorgenerico.vhd
    Info (12022): Found design unit 1: registradorGenerico-comportamento File: C:/Users/mathe/OneDrive/Documentos/6Periodo/designComputadores/Aula07/registradorGenerico.vhd Line: 16
    Info (12023): Found entity 1: registradorGenerico File: C:/Users/mathe/OneDrive/Documentos/6Periodo/designComputadores/Aula07/registradorGenerico.vhd Line: 4
Info (12021): Found 2 design units, including 1 entities, in source file processador_aula07.vhd
    Info (12022): Found design unit 1: Processador_Aula07-arch_name File: C:/Users/mathe/OneDrive/Documentos/6Periodo/designComputadores/Aula07/Processador_Aula07.vhd Line: 19
    Info (12023): Found entity 1: Processador_Aula07 File: C:/Users/mathe/OneDrive/Documentos/6Periodo/designComputadores/Aula07/Processador_Aula07.vhd Line: 5
Info (12021): Found 2 design units, including 1 entities, in source file muxgenerico2x1.vhd
    Info (12022): Found design unit 1: muxGenerico2x1-comportamento File: C:/Users/mathe/OneDrive/Documentos/6Periodo/designComputadores/Aula07/muxGenerico2x1.vhd Line: 14
    Info (12023): Found entity 1: muxGenerico2x1 File: C:/Users/mathe/OneDrive/Documentos/6Periodo/designComputadores/Aula07/muxGenerico2x1.vhd Line: 4
Info (12021): Found 2 design units, including 1 entities, in source file memoriarom.vhd
    Info (12022): Found design unit 1: memoriaROM-assincrona File: C:/Users/mathe/OneDrive/Documentos/6Periodo/designComputadores/Aula07/memoriaROM.vhd Line: 16
    Info (12023): Found entity 1: memoriaROM File: C:/Users/mathe/OneDrive/Documentos/6Periodo/designComputadores/Aula07/memoriaROM.vhd Line: 5
Info (12021): Found 2 design units, including 1 entities, in source file memoriaram.vhd
    Info (12022): Found design unit 1: memoriaRAM-rtl File: C:/Users/mathe/OneDrive/Documentos/6Periodo/designComputadores/Aula07/memoriaRAM.vhd Line: 19
    Info (12023): Found entity 1: memoriaRAM File: C:/Users/mathe/OneDrive/Documentos/6Periodo/designComputadores/Aula07/memoriaRAM.vhd Line: 5
Info (12021): Found 2 design units, including 1 entities, in source file fluxo_dados.vhd
    Info (12022): Found design unit 1: Fluxo_Dados-arch_name File: C:/Users/mathe/OneDrive/Documentos/6Periodo/designComputadores/Aula07/Fluxo_Dados.vhd Line: 22
    Info (12023): Found entity 1: Fluxo_Dados File: C:/Users/mathe/OneDrive/Documentos/6Periodo/designComputadores/Aula07/Fluxo_Dados.vhd Line: 5
Info (12021): Found 2 design units, including 1 entities, in source file estendesinalgenerico.vhd
    Info (12022): Found design unit 1: estendeSinalGenerico-comportamento File: C:/Users/mathe/OneDrive/Documentos/6Periodo/designComputadores/Aula07/estendeSinalGenerico.vhd Line: 17
    Info (12023): Found entity 1: estendeSinalGenerico File: C:/Users/mathe/OneDrive/Documentos/6Periodo/designComputadores/Aula07/estendeSinalGenerico.vhd Line: 4
Info (12021): Found 3 design units, including 1 entities, in source file edgedetector.vhd
    Info (12022): Found design unit 1: edgeDetector-bordaSubida File: C:/Users/mathe/OneDrive/Documentos/6Periodo/designComputadores/Aula07/edgeDetector.vhd Line: 11
    Info (12022): Found design unit 2: edgeDetector-bordaDescida File: C:/Users/mathe/OneDrive/Documentos/6Periodo/designComputadores/Aula07/edgeDetector.vhd Line: 23
    Info (12023): Found entity 1: edgeDetector File: C:/Users/mathe/OneDrive/Documentos/6Periodo/designComputadores/Aula07/edgeDetector.vhd Line: 4
Info (12021): Found 2 design units, including 1 entities, in source file conversorhex7seg.vhd
    Info (12022): Found design unit 1: conversorHex7Seg-comportamento File: C:/Users/mathe/OneDrive/Documentos/6Periodo/designComputadores/Aula07/conversorHex7Seg.vhd Line: 16
    Info (12023): Found entity 1: conversorHex7Seg File: C:/Users/mathe/OneDrive/Documentos/6Periodo/designComputadores/Aula07/conversorHex7Seg.vhd Line: 4
Info (12021): Found 2 design units, including 1 entities, in source file aula07_uc.vhd
    Info (12022): Found design unit 1: Aula07_UC-arch_name File: C:/Users/mathe/OneDrive/Documentos/6Periodo/designComputadores/Aula07/Aula07_UC.vhd Line: 22
    Info (12023): Found entity 1: Aula07_UC File: C:/Users/mathe/OneDrive/Documentos/6Periodo/designComputadores/Aula07/Aula07_UC.vhd Line: 5
Info (12127): Elaborating entity "Aula07_UC" for the top level hierarchy
Warning (10036): Verilog HDL or VHDL warning at Aula07_UC.vhd(24): object "programCounter" assigned a value but never read File: C:/Users/mathe/OneDrive/Documentos/6Periodo/designComputadores/Aula07/Aula07_UC.vhd Line: 24
Warning (10873): Using initial value X (don't care) for net "LEDR[9..2]" at Aula07_UC.vhd(15) File: C:/Users/mathe/OneDrive/Documentos/6Periodo/designComputadores/Aula07/Aula07_UC.vhd Line: 15
Info (12129): Elaborating entity "edgeDetector" using architecture "A:bordasubida" for hierarchy "edgeDetector:detectorSub0" File: C:/Users/mathe/OneDrive/Documentos/6Periodo/designComputadores/Aula07/Aula07_UC.vhd Line: 27
Info (12128): Elaborating entity "Processador_Aula07" for hierarchy "Processador_Aula07:CPU" File: C:/Users/mathe/OneDrive/Documentos/6Periodo/designComputadores/Aula07/Aula07_UC.vhd Line: 34
Info (12128): Elaborating entity "Fluxo_Dados" for hierarchy "Processador_Aula07:CPU|Fluxo_Dados:FD" File: C:/Users/mathe/OneDrive/Documentos/6Periodo/designComputadores/Aula07/Processador_Aula07.vhd Line: 26
Info (12128): Elaborating entity "registradorGenerico" for hierarchy "Processador_Aula07:CPU|Fluxo_Dados:FD|registradorGenerico:PC" File: C:/Users/mathe/OneDrive/Documentos/6Periodo/designComputadores/Aula07/Fluxo_Dados.vhd Line: 47
Info (12128): Elaborating entity "muxGenerico2x1" for hierarchy "Processador_Aula07:CPU|Fluxo_Dados:FD|muxGenerico2x1:MuxProxPC" File: C:/Users/mathe/OneDrive/Documentos/6Periodo/designComputadores/Aula07/Fluxo_Dados.vhd Line: 59
Info (12128): Elaborating entity "muxGenerico2x1" for hierarchy "Processador_Aula07:CPU|Fluxo_Dados:FD|muxGenerico2x1:muxULA_Imediato" File: C:/Users/mathe/OneDrive/Documentos/6Periodo/designComputadores/Aula07/Fluxo_Dados.vhd Line: 70
Info (12128): Elaborating entity "somaConstante" for hierarchy "Processador_Aula07:CPU|Fluxo_Dados:FD|somaConstante:somaUm" File: C:/Users/mathe/OneDrive/Documentos/6Periodo/designComputadores/Aula07/Fluxo_Dados.vhd Line: 81
Info (12128): Elaborating entity "memoriaROM" for hierarchy "Processador_Aula07:CPU|Fluxo_Dados:FD|memoriaROM:ROM" File: C:/Users/mathe/OneDrive/Documentos/6Periodo/designComputadores/Aula07/Fluxo_Dados.vhd Line: 91
Info (12128): Elaborating entity "memoriaRAM" for hierarchy "Processador_Aula07:CPU|Fluxo_Dados:FD|memoriaRAM:RAM" File: C:/Users/mathe/OneDrive/Documentos/6Periodo/designComputadores/Aula07/Fluxo_Dados.vhd Line: 101
Info (12128): Elaborating entity "registradorGenerico" for hierarchy "Processador_Aula07:CPU|Fluxo_Dados:FD|registradorGenerico:Acumulador" File: C:/Users/mathe/OneDrive/Documentos/6Periodo/designComputadores/Aula07/Fluxo_Dados.vhd Line: 113
Info (12128): Elaborating entity "ULA" for hierarchy "Processador_Aula07:CPU|Fluxo_Dados:FD|ULA:ULA" File: C:/Users/mathe/OneDrive/Documentos/6Periodo/designComputadores/Aula07/Fluxo_Dados.vhd Line: 125
Info (12128): Elaborating entity "estendeSinalGenerico" for hierarchy "Processador_Aula07:CPU|Fluxo_Dados:FD|estendeSinalGenerico:estendeSinal" File: C:/Users/mathe/OneDrive/Documentos/6Periodo/designComputadores/Aula07/Fluxo_Dados.vhd Line: 137
Info (12128): Elaborating entity "Unidade_Controle" for hierarchy "Processador_Aula07:CPU|Unidade_Controle:UC" File: C:/Users/mathe/OneDrive/Documentos/6Periodo/designComputadores/Aula07/Processador_Aula07.vhd Line: 38
Info (12128): Elaborating entity "conversorHex7Seg" for hierarchy "conversorHex7Seg:conversorHex0" File: C:/Users/mathe/OneDrive/Documentos/6Periodo/designComputadores/Aula07/Aula07_UC.vhd Line: 45
Info: Quartus Prime Analysis & Elaboration was successful. 0 errors, 2 warnings
    Info: Peak virtual memory: 4838 megabytes
    Info: Processing ended: Tue Sep 29 18:00:15 2020
    Info: Elapsed time: 00:00:11
    Info: Total CPU time (on all processors): 00:00:23


